To github.com:butterflyology/theDailyCommit.git
   01db342..1ee62fb  main -> main
To github.com:butterflyology/theDailyCommit.git
   1ee62fb..d9183aa  main -> main
To github.com:butterflyology/theDailyCommit.git
   d9183aa..2340919  main -> main
To github.com:butterflyology/theDailyCommit.git
   2340919..d92fe36  main -> main
To github.com:butterflyology/theDailyCommit.git
   d92fe36..c5f52eb  main -> main
To github.com:butterflyology/theDailyCommit.git
   c5f52eb..f485960  main -> main
To github.com:butterflyology/theDailyCommit.git
   f485960..c923a2e  main -> main
To github.com:butterflyology/theDailyCommit.git
   c923a2e..d8ed536  main -> main
To github.com:butterflyology/theDailyCommit.git
   d8ed536..29016f4  main -> main
To github.com:butterflyology/theDailyCommit.git
   29016f4..2af61ac  main -> main
ssh: connect to host github.com port 22: Operation timed out
fatal: Could not read from remote repository.

Please make sure you have the correct access rights
and the repository exists.
ssh: connect to host github.com port 22: Operation timed out
fatal: Could not read from remote repository.

Please make sure you have the correct access rights
and the repository exists.
ssh: connect to host github.com port 22: Operation timed out
fatal: Could not read from remote repository.

Please make sure you have the correct access rights
and the repository exists.
ssh: connect to host github.com port 22: Operation timed out
fatal: Could not read from remote repository.

Please make sure you have the correct access rights
and the repository exists.
ssh: connect to host github.com port 22: Operation timed out
fatal: Could not read from remote repository.

Please make sure you have the correct access rights
and the repository exists.
Connection closed by 140.82.116.4 port 22
fatal: Could not read from remote repository.

Please make sure you have the correct access rights
and the repository exists.
To github.com:butterflyology/theDailyCommit.git
   2af61ac..cbc1b89  main -> main
To github.com:butterflyology/theDailyCommit.git
   cbc1b89..2a09e77  main -> main
To github.com:butterflyology/theDailyCommit.git
   2a09e77..8d659c3  main -> main
To github.com:butterflyology/theDailyCommit.git
   8d659c3..334176a  main -> main
To github.com:butterflyology/theDailyCommit.git
   334176a..f19ccc4  main -> main
To github.com:butterflyology/theDailyCommit.git
   f19ccc4..da4e944  main -> main
To github.com:butterflyology/theDailyCommit.git
   da4e944..09e6456  main -> main
To github.com:butterflyology/theDailyCommit.git
   09e6456..49fe364  main -> main
To github.com:butterflyology/theDailyCommit.git
   49fe364..e8e29c8  main -> main
To github.com:butterflyology/theDailyCommit.git
   e8e29c8..765abbc  main -> main
To github.com:butterflyology/theDailyCommit.git
   765abbc..14313e9  main -> main
To github.com:butterflyology/theDailyCommit.git
   14313e9..911870c  main -> main
To github.com:butterflyology/theDailyCommit.git
   911870c..880702a  main -> main
To github.com:butterflyology/theDailyCommit.git
   880702a..7349a2c  main -> main
To github.com:butterflyology/theDailyCommit.git
   7349a2c..2f1a8b0  main -> main
To github.com:butterflyology/theDailyCommit.git
   2f1a8b0..de54700  main -> main
To github.com:butterflyology/theDailyCommit.git
   de54700..1f9bbdc  main -> main
To github.com:butterflyology/theDailyCommit.git
   1f9bbdc..b365d44  main -> main
To github.com:butterflyology/theDailyCommit.git
   b365d44..eb773e8  main -> main
To github.com:butterflyology/theDailyCommit.git
   eb773e8..794bc62  main -> main
To github.com:butterflyology/theDailyCommit.git
   794bc62..5750a45  main -> main
To github.com:butterflyology/theDailyCommit.git
   5750a45..ed6c76f  main -> main
To github.com:butterflyology/theDailyCommit.git
   ed6c76f..4a61cbb  main -> main
To github.com:butterflyology/theDailyCommit.git
   4a61cbb..53baa40  main -> main
To github.com:butterflyology/theDailyCommit.git
   53baa40..2b9d469  main -> main
To github.com:butterflyology/theDailyCommit.git
   2b9d469..c47a31c  main -> main
To github.com:butterflyology/theDailyCommit.git
   c47a31c..1e82852  main -> main
To github.com:butterflyology/theDailyCommit.git
   1e82852..efc758f  main -> main
To github.com:butterflyology/theDailyCommit.git
   efc758f..3af1915  main -> main
To github.com:butterflyology/theDailyCommit.git
   3af1915..380427e  main -> main
To github.com:butterflyology/theDailyCommit.git
   380427e..e7cf861  main -> main
To github.com:butterflyology/theDailyCommit.git
   e7cf861..1f84c53  main -> main
To github.com:butterflyology/theDailyCommit.git
   1f84c53..a6e4719  main -> main
To github.com:butterflyology/theDailyCommit.git
   a6e4719..ec88d4f  main -> main
To github.com:butterflyology/theDailyCommit.git
   ec88d4f..36378e4  main -> main
To github.com:butterflyology/theDailyCommit.git
   36378e4..8f5708a  main -> main
To github.com:butterflyology/theDailyCommit.git
   8f5708a..56f4406  main -> main
To github.com:butterflyology/theDailyCommit.git
   56f4406..33b34a8  main -> main
To github.com:butterflyology/theDailyCommit.git
   33b34a8..8174a08  main -> main
To github.com:butterflyology/theDailyCommit.git
   8174a08..6fbad4d  main -> main
To github.com:butterflyology/theDailyCommit.git
   6fbad4d..715f723  main -> main
To github.com:butterflyology/theDailyCommit.git
   715f723..75b7b56  main -> main
To github.com:butterflyology/theDailyCommit.git
   75b7b56..4afcb97  main -> main
To github.com:butterflyology/theDailyCommit.git
   4afcb97..e9800ab  main -> main
To github.com:butterflyology/theDailyCommit.git
   e9800ab..f044090  main -> main
To github.com:butterflyology/theDailyCommit.git
   f044090..40aaa21  main -> main
To github.com:butterflyology/theDailyCommit.git
   40aaa21..984b529  main -> main
To github.com:butterflyology/theDailyCommit.git
   984b529..8276bdd  main -> main
To github.com:butterflyology/theDailyCommit.git
   8276bdd..32891bb  main -> main
To github.com:butterflyology/theDailyCommit.git
   32891bb..08d76c4  main -> main
To github.com:butterflyology/theDailyCommit.git
   08d76c4..97fb2b7  main -> main
To github.com:butterflyology/theDailyCommit.git
   97fb2b7..622a0ac  main -> main
To github.com:butterflyology/theDailyCommit.git
   622a0ac..d9e8553  main -> main
To github.com:butterflyology/theDailyCommit.git
   d9e8553..e225009  main -> main
To github.com:butterflyology/theDailyCommit.git
   e225009..e41a1ab  main -> main
To github.com:butterflyology/theDailyCommit.git
   e41a1ab..324d4b1  main -> main
To github.com:butterflyology/theDailyCommit.git
   324d4b1..0a05f75  main -> main
To github.com:butterflyology/theDailyCommit.git
   0a05f75..4e7cec4  main -> main
To github.com:butterflyology/theDailyCommit.git
   4e7cec4..48d5d5a  main -> main
To github.com:butterflyology/theDailyCommit.git
   48d5d5a..3248c0b  main -> main
To github.com:butterflyology/theDailyCommit.git
   3248c0b..9e6b0a3  main -> main
To github.com:butterflyology/theDailyCommit.git
   9e6b0a3..1ea6d1b  main -> main
To github.com:butterflyology/theDailyCommit.git
   1ea6d1b..213fd0d  main -> main
To github.com:butterflyology/theDailyCommit.git
   213fd0d..26989f5  main -> main
To github.com:butterflyology/theDailyCommit.git
   26989f5..01e46eb  main -> main
To github.com:butterflyology/theDailyCommit.git
   01e46eb..be4ca16  main -> main
To github.com:butterflyology/theDailyCommit.git
   be4ca16..324c818  main -> main
To github.com:butterflyology/theDailyCommit.git
   324c818..bd2fed6  main -> main
To github.com:butterflyology/theDailyCommit.git
   bd2fed6..c14141c  main -> main
To github.com:butterflyology/theDailyCommit.git
   c14141c..c0e81cf  main -> main
To github.com:butterflyology/theDailyCommit.git
   c0e81cf..2a68ac9  main -> main
To github.com:butterflyology/theDailyCommit.git
   2a68ac9..d46e14e  main -> main
To github.com:butterflyology/theDailyCommit.git
   d46e14e..526e513  main -> main
To github.com:butterflyology/theDailyCommit.git
   526e513..affe6ea  main -> main
To github.com:butterflyology/theDailyCommit.git
   affe6ea..f20289e  main -> main
To github.com:butterflyology/theDailyCommit.git
   f20289e..04feb6d  main -> main
To github.com:butterflyology/theDailyCommit.git
   04feb6d..6bd304f  main -> main
To github.com:butterflyology/theDailyCommit.git
   6bd304f..6c1ae19  main -> main
To github.com:butterflyology/theDailyCommit.git
   6c1ae19..566a153  main -> main
To github.com:butterflyology/theDailyCommit.git
   566a153..f9f593a  main -> main
To github.com:butterflyology/theDailyCommit.git
   f9f593a..1188ae8  main -> main
To github.com:butterflyology/theDailyCommit.git
   1188ae8..252b11d  main -> main
To github.com:butterflyology/theDailyCommit.git
   252b11d..af3afc7  main -> main
To github.com:butterflyology/theDailyCommit.git
   af3afc7..cb45503  main -> main
To github.com:butterflyology/theDailyCommit.git
   cb45503..b4095a8  main -> main
To github.com:butterflyology/theDailyCommit.git
   b4095a8..95f33ea  main -> main
To github.com:butterflyology/theDailyCommit.git
   95f33ea..f21e91e  main -> main
To github.com:butterflyology/theDailyCommit.git
   f21e91e..d9ac82c  main -> main
To github.com:butterflyology/theDailyCommit.git
   d9ac82c..9c6599a  main -> main
To github.com:butterflyology/theDailyCommit.git
   9c6599a..aedb36c  main -> main
To github.com:butterflyology/theDailyCommit.git
   aedb36c..7b051c4  main -> main
To github.com:butterflyology/theDailyCommit.git
   7b051c4..bcde2f0  main -> main
To github.com:butterflyology/theDailyCommit.git
   bcde2f0..487a600  main -> main
To github.com:butterflyology/theDailyCommit.git
   487a600..c6e5be5  main -> main
To github.com:butterflyology/theDailyCommit.git
   c6e5be5..0209142  main -> main
To github.com:butterflyology/theDailyCommit.git
   0209142..7ec693b  main -> main
To github.com:butterflyology/theDailyCommit.git
   7ec693b..f5f7c47  main -> main
To github.com:butterflyology/theDailyCommit.git
   f5f7c47..aaa6bbf  main -> main
To github.com:butterflyology/theDailyCommit.git
   aaa6bbf..540b92d  main -> main
To github.com:butterflyology/theDailyCommit.git
   540b92d..117962f  main -> main
To github.com:butterflyology/theDailyCommit.git
   117962f..d0fbaff  main -> main
To github.com:butterflyology/theDailyCommit.git
   d0fbaff..f26cee0  main -> main
To github.com:butterflyology/theDailyCommit.git
   f26cee0..542a2d8  main -> main
To github.com:butterflyology/theDailyCommit.git
   542a2d8..1b6f237  main -> main
To github.com:butterflyology/theDailyCommit.git
   1b6f237..9c58c10  main -> main
ssh: connect to host github.com port 22: Undefined error: 0
fatal: Could not read from remote repository.

Please make sure you have the correct access rights
and the repository exists.
ssh: connect to host github.com port 22: Undefined error: 0
fatal: Could not read from remote repository.

Please make sure you have the correct access rights
and the repository exists.
ssh: connect to host github.com port 22: Undefined error: 0
fatal: Could not read from remote repository.

Please make sure you have the correct access rights
and the repository exists.
ssh: connect to host github.com port 22: Undefined error: 0
fatal: Could not read from remote repository.

Please make sure you have the correct access rights
and the repository exists.
ssh: connect to host github.com port 22: Undefined error: 0
fatal: Could not read from remote repository.

Please make sure you have the correct access rights
and the repository exists.
ssh: connect to host github.com port 22: Undefined error: 0
fatal: Could not read from remote repository.

Please make sure you have the correct access rights
and the repository exists.
ssh: connect to host github.com port 22: Undefined error: 0
fatal: Could not read from remote repository.

Please make sure you have the correct access rights
and the repository exists.
ssh: connect to host github.com port 22: Undefined error: 0
fatal: Could not read from remote repository.

Please make sure you have the correct access rights
and the repository exists.
ssh: connect to host github.com port 22: Undefined error: 0
fatal: Could not read from remote repository.

Please make sure you have the correct access rights
and the repository exists.
To github.com:butterflyology/theDailyCommit.git
   031416c..5517729  main -> main
To github.com:butterflyology/theDailyCommit.git
   5517729..f397dec  main -> main
To github.com:butterflyology/theDailyCommit.git
   f397dec..68d1495  main -> main
To github.com:butterflyology/theDailyCommit.git
   68d1495..6441e38  main -> main
To github.com:butterflyology/theDailyCommit.git
   6441e38..88753a8  main -> main
To github.com:butterflyology/theDailyCommit.git
   88753a8..7e8ce5b  main -> main
To github.com:butterflyology/theDailyCommit.git
   7e8ce5b..037a286  main -> main
To github.com:butterflyology/theDailyCommit.git
   037a286..9a99ebb  main -> main
ssh: connect to host github.com port 22: Undefined error: 0
fatal: Could not read from remote repository.

Please make sure you have the correct access rights
and the repository exists.
ssh: connect to host github.com port 22: Undefined error: 0
fatal: Could not read from remote repository.

Please make sure you have the correct access rights
and the repository exists.
ssh: connect to host github.com port 22: Undefined error: 0
fatal: Could not read from remote repository.

Please make sure you have the correct access rights
and the repository exists.
ssh: connect to host github.com port 22: Undefined error: 0
fatal: Could not read from remote repository.

Please make sure you have the correct access rights
and the repository exists.
ssh: connect to host github.com port 22: Undefined error: 0
fatal: Could not read from remote repository.

Please make sure you have the correct access rights
and the repository exists.
ssh: connect to host github.com port 22: Undefined error: 0
fatal: Could not read from remote repository.

Please make sure you have the correct access rights
and the repository exists.
To github.com:butterflyology/theDailyCommit.git
   6e9efaf..911fb49  main -> main
To github.com:butterflyology/theDailyCommit.git
   911fb49..393bd18  main -> main
To github.com:butterflyology/theDailyCommit.git
   393bd18..885135b  main -> main
To github.com:butterflyology/theDailyCommit.git
   885135b..3c33813  main -> main
To github.com:butterflyology/theDailyCommit.git
   3c33813..5e6135c  main -> main
To github.com:butterflyology/theDailyCommit.git
   5e6135c..ae90feb  main -> main
To github.com:butterflyology/theDailyCommit.git
   ae90feb..83836f3  main -> main
To github.com:butterflyology/theDailyCommit.git
   83836f3..0d431a6  main -> main
To github.com:butterflyology/theDailyCommit.git
   0d431a6..93cf4ef  main -> main
To github.com:butterflyology/theDailyCommit.git
   93cf4ef..65abe90  main -> main
To github.com:butterflyology/theDailyCommit.git
   65abe90..ef20d8a  main -> main
To github.com:butterflyology/theDailyCommit.git
   ef20d8a..5aee22a  main -> main
To github.com:butterflyology/theDailyCommit.git
   5aee22a..d387266  main -> main
To github.com:butterflyology/theDailyCommit.git
   d387266..94b503a  main -> main
To github.com:butterflyology/theDailyCommit.git
   94b503a..87e8ea5  main -> main
To github.com:butterflyology/theDailyCommit.git
   87e8ea5..db86f88  main -> main
To github.com:butterflyology/theDailyCommit.git
   db86f88..82c2bdd  main -> main
To github.com:butterflyology/theDailyCommit.git
   82c2bdd..22fc4d7  main -> main
To github.com:butterflyology/theDailyCommit.git
   22fc4d7..9d863a7  main -> main
To github.com:butterflyology/theDailyCommit.git
   9d863a7..744a774  main -> main
To github.com:butterflyology/theDailyCommit.git
   744a774..59883e4  main -> main
To github.com:butterflyology/theDailyCommit.git
   59883e4..11a5a07  main -> main
To github.com:butterflyology/theDailyCommit.git
   11a5a07..3a33c7b  main -> main
To github.com:butterflyology/theDailyCommit.git
   3a33c7b..501a5dd  main -> main
To github.com:butterflyology/theDailyCommit.git
   501a5dd..c2f6dc9  main -> main
To github.com:butterflyology/theDailyCommit.git
   c2f6dc9..f7a5941  main -> main
To github.com:butterflyology/theDailyCommit.git
   f7a5941..638ccc4  main -> main
To github.com:butterflyology/theDailyCommit.git
   638ccc4..4d421e7  main -> main
To github.com:butterflyology/theDailyCommit.git
   4d421e7..41e9826  main -> main
To github.com:butterflyology/theDailyCommit.git
   41e9826..fc44427  main -> main
To github.com:butterflyology/theDailyCommit.git
   fc44427..c17a3d3  main -> main
To github.com:butterflyology/theDailyCommit.git
   c17a3d3..0fd84e5  main -> main
To github.com:butterflyology/theDailyCommit.git
   0fd84e5..7777705  main -> main
To github.com:butterflyology/theDailyCommit.git
   7777705..23a71c1  main -> main
To github.com:butterflyology/theDailyCommit.git
   23a71c1..8fdec33  main -> main
To github.com:butterflyology/theDailyCommit.git
   8fdec33..a3db7a6  main -> main
To github.com:butterflyology/theDailyCommit.git
   a3db7a6..4896540  main -> main
To github.com:butterflyology/theDailyCommit.git
   4896540..89b37c3  main -> main
To github.com:butterflyology/theDailyCommit.git
   89b37c3..6726e32  main -> main
To github.com:butterflyology/theDailyCommit.git
   6726e32..68d1ff8  main -> main
To github.com:butterflyology/theDailyCommit.git
   68d1ff8..df8b4af  main -> main
To github.com:butterflyology/theDailyCommit.git
   df8b4af..053740a  main -> main
To github.com:butterflyology/theDailyCommit.git
   053740a..4c6c357  main -> main
To github.com:butterflyology/theDailyCommit.git
   4c6c357..9d4a6ee  main -> main
To github.com:butterflyology/theDailyCommit.git
   9d4a6ee..9699db0  main -> main
To github.com:butterflyology/theDailyCommit.git
   9699db0..3db2747  main -> main
To github.com:butterflyology/theDailyCommit.git
   3db2747..fed9754  main -> main
To github.com:butterflyology/theDailyCommit.git
   fed9754..673f2b4  main -> main
To github.com:butterflyology/theDailyCommit.git
   673f2b4..b30b184  main -> main
To github.com:butterflyology/theDailyCommit.git
   b30b184..19cf85a  main -> main
To github.com:butterflyology/theDailyCommit.git
   19cf85a..8585376  main -> main
To github.com:butterflyology/theDailyCommit.git
   8585376..1278f58  main -> main
To github.com:butterflyology/theDailyCommit.git
   1278f58..c5b0437  main -> main
To github.com:butterflyology/theDailyCommit.git
   c5b0437..3442d4b  main -> main
To github.com:butterflyology/theDailyCommit.git
   3442d4b..a877a72  main -> main
To github.com:butterflyology/theDailyCommit.git
   a877a72..ad74756  main -> main
To github.com:butterflyology/theDailyCommit.git
   ad74756..2232a8d  main -> main
To github.com:butterflyology/theDailyCommit.git
   2232a8d..28300a6  main -> main
To github.com:butterflyology/theDailyCommit.git
   28300a6..426627a  main -> main
To github.com:butterflyology/theDailyCommit.git
   426627a..3ea9da1  main -> main
To github.com:butterflyology/theDailyCommit.git
   3ea9da1..0c01245  main -> main
To github.com:butterflyology/theDailyCommit.git
   0c01245..f6a1262  main -> main
To github.com:butterflyology/theDailyCommit.git
   f6a1262..285326b  main -> main
To github.com:butterflyology/theDailyCommit.git
   285326b..cdf1287  main -> main
To github.com:butterflyology/theDailyCommit.git
   cdf1287..9df3c64  main -> main
To github.com:butterflyology/theDailyCommit.git
   9df3c64..9ea0bf7  main -> main
To github.com:butterflyology/theDailyCommit.git
   9ea0bf7..e6c98ca  main -> main
To github.com:butterflyology/theDailyCommit.git
   e6c98ca..72dca28  main -> main
To github.com:butterflyology/theDailyCommit.git
   72dca28..9f3e478  main -> main
To github.com:butterflyology/theDailyCommit.git
   9f3e478..2fd7dd4  main -> main
To github.com:butterflyology/theDailyCommit.git
   2fd7dd4..68a5600  main -> main
To github.com:butterflyology/theDailyCommit.git
   68a5600..4cc932b  main -> main
To github.com:butterflyology/theDailyCommit.git
   4cc932b..2bd606d  main -> main
To github.com:butterflyology/theDailyCommit.git
   2bd606d..a59b623  main -> main
To github.com:butterflyology/theDailyCommit.git
   a59b623..1fb979e  main -> main
To github.com:butterflyology/theDailyCommit.git
   1fb979e..ba140e7  main -> main
To github.com:butterflyology/theDailyCommit.git
   ba140e7..7ede804  main -> main
To github.com:butterflyology/theDailyCommit.git
   7ede804..888e96e  main -> main
To github.com:butterflyology/theDailyCommit.git
   888e96e..7afe108  main -> main
To github.com:butterflyology/theDailyCommit.git
   7afe108..6fae4a1  main -> main
To github.com:butterflyology/theDailyCommit.git
   6fae4a1..a722ce2  main -> main
To github.com:butterflyology/theDailyCommit.git
   a722ce2..8e810f4  main -> main
To github.com:butterflyology/theDailyCommit.git
   8e810f4..2b541b6  main -> main
To github.com:butterflyology/theDailyCommit.git
   2b541b6..97995a8  main -> main
To github.com:butterflyology/theDailyCommit.git
   97995a8..cb05999  main -> main
To github.com:butterflyology/theDailyCommit.git
   cb05999..237aa5a  main -> main
To github.com:butterflyology/theDailyCommit.git
   237aa5a..f707269  main -> main
To github.com:butterflyology/theDailyCommit.git
   f707269..b6e4303  main -> main
To github.com:butterflyology/theDailyCommit.git
   b6e4303..8f215d8  main -> main
To github.com:butterflyology/theDailyCommit.git
   8f215d8..2f65ee6  main -> main
To github.com:butterflyology/theDailyCommit.git
   2f65ee6..9f3e65d  main -> main
To github.com:butterflyology/theDailyCommit.git
   9f3e65d..c5faf3a  main -> main
To github.com:butterflyology/theDailyCommit.git
   c5faf3a..a1d1645  main -> main
To github.com:butterflyology/theDailyCommit.git
   a1d1645..aea6ab9  main -> main
To github.com:butterflyology/theDailyCommit.git
   aea6ab9..42d47d4  main -> main
To github.com:butterflyology/theDailyCommit.git
   42d47d4..e83dc85  main -> main
To github.com:butterflyology/theDailyCommit.git
   e83dc85..cdb341a  main -> main
To github.com:butterflyology/theDailyCommit.git
   cdb341a..5ec96bc  main -> main
To github.com:butterflyology/theDailyCommit.git
   5ec96bc..2663895  main -> main
To github.com:butterflyology/theDailyCommit.git
   2663895..616b16e  main -> main
To github.com:butterflyology/theDailyCommit.git
   616b16e..7363089  main -> main
To github.com:butterflyology/theDailyCommit.git
   7363089..53c41ce  main -> main
To github.com:butterflyology/theDailyCommit.git
   53c41ce..5c24419  main -> main
To github.com:butterflyology/theDailyCommit.git
   5c24419..dea190c  main -> main
To github.com:butterflyology/theDailyCommit.git
   dea190c..1590740  main -> main
To github.com:butterflyology/theDailyCommit.git
   1590740..ce47be4  main -> main
To github.com:butterflyology/theDailyCommit.git
   ce47be4..95f2a5e  main -> main
To github.com:butterflyology/theDailyCommit.git
   95f2a5e..537fd03  main -> main
To github.com:butterflyology/theDailyCommit.git
   537fd03..f97fb85  main -> main
To github.com:butterflyology/theDailyCommit.git
   f97fb85..8d3e743  main -> main
To github.com:butterflyology/theDailyCommit.git
   8d3e743..d1e9b08  main -> main
To github.com:butterflyology/theDailyCommit.git
   d1e9b08..e43e4ce  main -> main
To github.com:butterflyology/theDailyCommit.git
   e43e4ce..27c5139  main -> main
To github.com:butterflyology/theDailyCommit.git
   27c5139..ae7f483  main -> main
To github.com:butterflyology/theDailyCommit.git
   ae7f483..a92820f  main -> main
To github.com:butterflyology/theDailyCommit.git
   a92820f..89c4177  main -> main
To github.com:butterflyology/theDailyCommit.git
   89c4177..fd83d39  main -> main
To github.com:butterflyology/theDailyCommit.git
   fd83d39..5f22c8c  main -> main
To github.com:butterflyology/theDailyCommit.git
   5f22c8c..a58bdf2  main -> main
To github.com:butterflyology/theDailyCommit.git
   a58bdf2..f81b33f  main -> main
To github.com:butterflyology/theDailyCommit.git
   f81b33f..6020683  main -> main
To github.com:butterflyology/theDailyCommit.git
   6020683..45a58ea  main -> main
To github.com:butterflyology/theDailyCommit.git
   45a58ea..8893175  main -> main
To github.com:butterflyology/theDailyCommit.git
   8893175..53ae39c  main -> main
To github.com:butterflyology/theDailyCommit.git
   53ae39c..77bfd13  main -> main
To github.com:butterflyology/theDailyCommit.git
   77bfd13..10c2884  main -> main
To github.com:butterflyology/theDailyCommit.git
   10c2884..4e6401d  main -> main
To github.com:butterflyology/theDailyCommit.git
   4e6401d..a4887cf  main -> main
To github.com:butterflyology/theDailyCommit.git
   a4887cf..32f6c29  main -> main
To github.com:butterflyology/theDailyCommit.git
   32f6c29..246e6d7  main -> main
To github.com:butterflyology/theDailyCommit.git
   246e6d7..0ad7e65  main -> main
To github.com:butterflyology/theDailyCommit.git
   0ad7e65..13d978e  main -> main
To github.com:butterflyology/theDailyCommit.git
   13d978e..d08e9da  main -> main
To github.com:butterflyology/theDailyCommit.git
   d08e9da..11c7640  main -> main
To github.com:butterflyology/theDailyCommit.git
   11c7640..29397b1  main -> main
To github.com:butterflyology/theDailyCommit.git
   29397b1..e9ee595  main -> main
To github.com:butterflyology/theDailyCommit.git
   e9ee595..0aa7089  main -> main
To github.com:butterflyology/theDailyCommit.git
   0aa7089..f80968d  main -> main
To github.com:butterflyology/theDailyCommit.git
   f80968d..b50f982  main -> main
To github.com:butterflyology/theDailyCommit.git
   b50f982..7045d70  main -> main
To github.com:butterflyology/theDailyCommit.git
   7045d70..adea0f3  main -> main
To github.com:butterflyology/theDailyCommit.git
   adea0f3..cbe9a70  main -> main
To github.com:butterflyology/theDailyCommit.git
   cbe9a70..6a32af7  main -> main
To github.com:butterflyology/theDailyCommit.git
   6a32af7..d84ce94  main -> main
To github.com:butterflyology/theDailyCommit.git
   d84ce94..18d069e  main -> main
To github.com:butterflyology/theDailyCommit.git
   18d069e..ad92769  main -> main
To github.com:butterflyology/theDailyCommit.git
   ad92769..dcb7db8  main -> main
To github.com:butterflyology/theDailyCommit.git
   dcb7db8..c6f7e73  main -> main
To github.com:butterflyology/theDailyCommit.git
   c6f7e73..b550f4d  main -> main
To github.com:butterflyology/theDailyCommit.git
   b550f4d..797dada  main -> main
To github.com:butterflyology/theDailyCommit.git
   797dada..fd7964c  main -> main
To github.com:butterflyology/theDailyCommit.git
   fd7964c..62e3d3e  main -> main
To github.com:butterflyology/theDailyCommit.git
   62e3d3e..8417dfa  main -> main
To github.com:butterflyology/theDailyCommit.git
   8417dfa..7ba772e  main -> main
To github.com:butterflyology/theDailyCommit.git
   7ba772e..17fa12c  main -> main
To github.com:butterflyology/theDailyCommit.git
   17fa12c..1f0a387  main -> main
To github.com:butterflyology/theDailyCommit.git
   1f0a387..bcaa8a1  main -> main
To github.com:butterflyology/theDailyCommit.git
   bcaa8a1..a3dc996  main -> main
To github.com:butterflyology/theDailyCommit.git
   a3dc996..0999c65  main -> main
To github.com:butterflyology/theDailyCommit.git
   0999c65..a2b0848  main -> main
To github.com:butterflyology/theDailyCommit.git
   a2b0848..c3fddbe  main -> main
To github.com:butterflyology/theDailyCommit.git
   c3fddbe..6d4041f  main -> main
To github.com:butterflyology/theDailyCommit.git
   6d4041f..3747140  main -> main
To github.com:butterflyology/theDailyCommit.git
   3747140..4352492  main -> main
To github.com:butterflyology/theDailyCommit.git
   4352492..ffe6e65  main -> main
To github.com:butterflyology/theDailyCommit.git
   ffe6e65..07aea7e  main -> main
To github.com:butterflyology/theDailyCommit.git
   07aea7e..64c8647  main -> main
To github.com:butterflyology/theDailyCommit.git
   64c8647..8cfcef0  main -> main
To github.com:butterflyology/theDailyCommit.git
   8cfcef0..8b77d23  main -> main
To github.com:butterflyology/theDailyCommit.git
   8b77d23..fee87c4  main -> main
To github.com:butterflyology/theDailyCommit.git
   fee87c4..bdfc3bb  main -> main
To github.com:butterflyology/theDailyCommit.git
   bdfc3bb..0ee0428  main -> main
To github.com:butterflyology/theDailyCommit.git
   0ee0428..ce40857  main -> main
To github.com:butterflyology/theDailyCommit.git
   ce40857..dbbb1f8  main -> main
To github.com:butterflyology/theDailyCommit.git
   dbbb1f8..23ea631  main -> main
To github.com:butterflyology/theDailyCommit.git
   23ea631..0a05747  main -> main
To github.com:butterflyology/theDailyCommit.git
   0a05747..9926334  main -> main
To github.com:butterflyology/theDailyCommit.git
   9926334..28823b9  main -> main
To github.com:butterflyology/theDailyCommit.git
   28823b9..1ff3d6a  main -> main
To github.com:butterflyology/theDailyCommit.git
   1ff3d6a..280d553  main -> main
To github.com:butterflyology/theDailyCommit.git
   280d553..c1df4ae  main -> main
To github.com:butterflyology/theDailyCommit.git
   c1df4ae..02d5418  main -> main
To github.com:butterflyology/theDailyCommit.git
   02d5418..5a2c628  main -> main
To github.com:butterflyology/theDailyCommit.git
   5a2c628..2b7a98b  main -> main
To github.com:butterflyology/theDailyCommit.git
   2b7a98b..fae4756  main -> main
To github.com:butterflyology/theDailyCommit.git
   fae4756..fe7d339  main -> main
To github.com:butterflyology/theDailyCommit.git
   fe7d339..9899893  main -> main
To github.com:butterflyology/theDailyCommit.git
   9899893..0d933ad  main -> main
ssh: connect to host github.com port 22: Operation timed out
fatal: Could not read from remote repository.

Please make sure you have the correct access rights
and the repository exists.
ssh: connect to host github.com port 22: Operation timed out
fatal: Could not read from remote repository.

Please make sure you have the correct access rights
and the repository exists.
ssh: connect to host github.com port 22: Operation timed out
fatal: Could not read from remote repository.

Please make sure you have the correct access rights
and the repository exists.
ssh: connect to host github.com port 22: Operation timed out
fatal: Could not read from remote repository.

Please make sure you have the correct access rights
and the repository exists.
warning: in the working copy of 'launchd_daily_commit.err.log', CRLF will be replaced by LF the next time Git touches it
ssh: connect to host github.com port 22: Operation timed out
fatal: Could not read from remote repository.

Please make sure you have the correct access rights
and the repository exists.
ssh: connect to host github.com port 22: Operation timed out
fatal: Could not read from remote repository.

Please make sure you have the correct access rights
and the repository exists.
ssh: connect to host github.com port 22: Operation timed out
fatal: Could not read from remote repository.

Please make sure you have the correct access rights
and the repository exists.
Connection closed by 140.82.116.4 port 22
fatal: Could not read from remote repository.

Please make sure you have the correct access rights
and the repository exists.
To github.com:butterflyology/theDailyCommit.git
   29c2431..13bc7cf  main -> main
To github.com:butterflyology/theDailyCommit.git
   13bc7cf..630033e  main -> main
To github.com:butterflyology/theDailyCommit.git
   630033e..856aaf0  main -> main
To github.com:butterflyology/theDailyCommit.git
   856aaf0..b72a95b  main -> main
warning: in the working copy of 'launchd_daily_commit.err.log', CRLF will be replaced by LF the next time Git touches it
To github.com:butterflyology/theDailyCommit.git
   b72a95b..5655e53  main -> main
To github.com:butterflyology/theDailyCommit.git
   5655e53..f85de8e  main -> main
To github.com:butterflyology/theDailyCommit.git
   f85de8e..e3b7626  main -> main
warning: in the working copy of 'launchd_daily_commit.err.log', CRLF will be replaced by LF the next time Git touches it
To github.com:butterflyology/theDailyCommit.git
   e3b7626..13a670f  main -> main
To github.com:butterflyology/theDailyCommit.git
   13a670f..b5e5921  main -> main
To github.com:butterflyology/theDailyCommit.git
   b5e5921..e909e28  main -> main
warning: in the working copy of 'launchd_daily_commit.err.log', CRLF will be replaced by LF the next time Git touches it
To github.com:butterflyology/theDailyCommit.git
   e909e28..cd06474  main -> main
To github.com:butterflyology/theDailyCommit.git
   cd06474..1c3612b  main -> main
To github.com:butterflyology/theDailyCommit.git
   1c3612b..a88550e  main -> main
warning: in the working copy of 'launchd_daily_commit.err.log', CRLF will be replaced by LF the next time Git touches it
To github.com:butterflyology/theDailyCommit.git
   a88550e..62cd66d  main -> main
To github.com:butterflyology/theDailyCommit.git
   62cd66d..b01d6bf  main -> main
To github.com:butterflyology/theDailyCommit.git
   b01d6bf..b388d97  main -> main
To github.com:butterflyology/theDailyCommit.git
   b388d97..31421b4  main -> main
warning: in the working copy of 'launchd_daily_commit.err.log', CRLF will be replaced by LF the next time Git touches it
To github.com:butterflyology/theDailyCommit.git
   31421b4..00ae355  main -> main
To github.com:butterflyology/theDailyCommit.git
   00ae355..54858cf  main -> main
To github.com:butterflyology/theDailyCommit.git
   54858cf..2b7b034  main -> main
warning: in the working copy of 'launchd_daily_commit.err.log', CRLF will be replaced by LF the next time Git touches it
To github.com:butterflyology/theDailyCommit.git
   2b7b034..1603988  main -> main
To github.com:butterflyology/theDailyCommit.git
   1603988..b1ebcb3  main -> main
To github.com:butterflyology/theDailyCommit.git
   b1ebcb3..c04e5e3  main -> main
To github.com:butterflyology/theDailyCommit.git
   c04e5e3..ef58c1e  main -> main
To github.com:butterflyology/theDailyCommit.git
   ef58c1e..32f7a8d  main -> main
To github.com:butterflyology/theDailyCommit.git
   32f7a8d..32937a3  main -> main
To github.com:butterflyology/theDailyCommit.git
   32937a3..1a69740  main -> main
warning: in the working copy of 'launchd_daily_commit.err.log', CRLF will be replaced by LF the next time Git touches it
To github.com:butterflyology/theDailyCommit.git
   1a69740..fa75320  main -> main
To github.com:butterflyology/theDailyCommit.git
   fa75320..d6ef47a  main -> main
To github.com:butterflyology/theDailyCommit.git
   d6ef47a..d8d044d  main -> main
To github.com:butterflyology/theDailyCommit.git
   d8d044d..f7a0b61  main -> main
To github.com:butterflyology/theDailyCommit.git
   f7a0b61..2ccdeb6  main -> main
To github.com:butterflyology/theDailyCommit.git
   2ccdeb6..b4de3f8  main -> main
warning: in the working copy of 'launchd_daily_commit.err.log', CRLF will be replaced by LF the next time Git touches it
To github.com:butterflyology/theDailyCommit.git
   b4de3f8..da20bbd  main -> main
To github.com:butterflyology/theDailyCommit.git
   da20bbd..d8541e3  main -> main
To github.com:butterflyology/theDailyCommit.git
   d8541e3..f32af6e  main -> main
To github.com:butterflyology/theDailyCommit.git
   f32af6e..6e0d361  main -> main
To github.com:butterflyology/theDailyCommit.git
   6e0d361..52dae0c  main -> main
warning: in the working copy of 'launchd_daily_commit.err.log', CRLF will be replaced by LF the next time Git touches it
To github.com:butterflyology/theDailyCommit.git
   52dae0c..fb7fab8  main -> main
To github.com:butterflyology/theDailyCommit.git
   fb7fab8..b8d1016  main -> main
To github.com:butterflyology/theDailyCommit.git
   b8d1016..7a3ebfe  main -> main
To github.com:butterflyology/theDailyCommit.git
   7a3ebfe..acd8909  main -> main
To github.com:butterflyology/theDailyCommit.git
   acd8909..f2fa6b6  main -> main
To github.com:butterflyology/theDailyCommit.git
   f2fa6b6..a8ea6a1  main -> main
To github.com:butterflyology/theDailyCommit.git
   a8ea6a1..27bc829  main -> main
To github.com:butterflyology/theDailyCommit.git
   27bc829..1a61d63  main -> main
warning: in the working copy of 'launchd_daily_commit.err.log', CRLF will be replaced by LF the next time Git touches it
To github.com:butterflyology/theDailyCommit.git
   1a61d63..a0bd323  main -> main
To github.com:butterflyology/theDailyCommit.git
   a0bd323..a0b59d7  main -> main
To github.com:butterflyology/theDailyCommit.git
   a0b59d7..f44e7b7  main -> main
To github.com:butterflyology/theDailyCommit.git
   f44e7b7..9fdbf5c  main -> main
To github.com:butterflyology/theDailyCommit.git
   9fdbf5c..074e5de  main -> main
To github.com:butterflyology/theDailyCommit.git
   074e5de..8d9b879  main -> main
To github.com:butterflyology/theDailyCommit.git
   8d9b879..222dd55  main -> main
To github.com:butterflyology/theDailyCommit.git
   222dd55..f4d7b90  main -> main
To github.com:butterflyology/theDailyCommit.git
   f4d7b90..7d5874f  main -> main
To github.com:butterflyology/theDailyCommit.git
   7d5874f..a89fcfa  main -> main
warning: in the working copy of 'launchd_daily_commit.err.log', CRLF will be replaced by LF the next time Git touches it
To github.com:butterflyology/theDailyCommit.git
   a89fcfa..b154c8c  main -> main
To github.com:butterflyology/theDailyCommit.git
   b154c8c..72e9e09  main -> main
To github.com:butterflyology/theDailyCommit.git
   72e9e09..5f88ed8  main -> main
To github.com:butterflyology/theDailyCommit.git
   5f88ed8..c1176ac  main -> main
To github.com:butterflyology/theDailyCommit.git
   c1176ac..181a061  main -> main
To github.com:butterflyology/theDailyCommit.git
   181a061..21f37af  main -> main
warning: in the working copy of 'launchd_daily_commit.err.log', CRLF will be replaced by LF the next time Git touches it
To github.com:butterflyology/theDailyCommit.git
   21f37af..269ff09  main -> main
To github.com:butterflyology/theDailyCommit.git
   269ff09..87dea99  main -> main
To github.com:butterflyology/theDailyCommit.git
   87dea99..adfef1f  main -> main
To github.com:butterflyology/theDailyCommit.git
   adfef1f..8ec6a6a  main -> main
warning: in the working copy of 'launchd_daily_commit.err.log', CRLF will be replaced by LF the next time Git touches it
To github.com:butterflyology/theDailyCommit.git
   8ec6a6a..c3f992e  main -> main
To github.com:butterflyology/theDailyCommit.git
   c3f992e..e9d3def  main -> main
To github.com:butterflyology/theDailyCommit.git
   e9d3def..2aa3e34  main -> main
warning: in the working copy of 'launchd_daily_commit.err.log', CRLF will be replaced by LF the next time Git touches it
To github.com:butterflyology/theDailyCommit.git
   2aa3e34..4115628  main -> main
To github.com:butterflyology/theDailyCommit.git
   4115628..d9e819e  main -> main
To github.com:butterflyology/theDailyCommit.git
   d9e819e..945765d  main -> main
To github.com:butterflyology/theDailyCommit.git
   945765d..183c888  main -> main
warning: in the working copy of 'launchd_daily_commit.err.log', CRLF will be replaced by LF the next time Git touches it
To github.com:butterflyology/theDailyCommit.git
   183c888..33489f3  main -> main
To github.com:butterflyology/theDailyCommit.git
   33489f3..275539a  main -> main
To github.com:butterflyology/theDailyCommit.git
   275539a..b3417bd  main -> main
warning: in the working copy of 'launchd_daily_commit.err.log', CRLF will be replaced by LF the next time Git touches it
To github.com:butterflyology/theDailyCommit.git
   b3417bd..607df0c  main -> main
To github.com:butterflyology/theDailyCommit.git
   607df0c..8b42e7b  main -> main
To github.com:butterflyology/theDailyCommit.git
   8b42e7b..e790f9b  main -> main
To github.com:butterflyology/theDailyCommit.git
   e790f9b..4215ccc  main -> main
warning: in the working copy of 'launchd_daily_commit.err.log', CRLF will be replaced by LF the next time Git touches it
To github.com:butterflyology/theDailyCommit.git
   4215ccc..d6ff06f  main -> main
To github.com:butterflyology/theDailyCommit.git
   d6ff06f..fd6ea6e  main -> main
To github.com:butterflyology/theDailyCommit.git
   fd6ea6e..aaad476  main -> main
To github.com:butterflyology/theDailyCommit.git
   aaad476..debca5e  main -> main
To github.com:butterflyology/theDailyCommit.git
   debca5e..416501f  main -> main
warning: in the working copy of 'launchd_daily_commit.err.log', CRLF will be replaced by LF the next time Git touches it
To github.com:butterflyology/theDailyCommit.git
   416501f..ac9d88d  main -> main
To github.com:butterflyology/theDailyCommit.git
   ac9d88d..d7c816c  main -> main
To github.com:butterflyology/theDailyCommit.git
   d7c816c..797b172  main -> main
To github.com:butterflyology/theDailyCommit.git
   797b172..bcc763e  main -> main
To github.com:butterflyology/theDailyCommit.git
   bcc763e..28f19cf  main -> main
To github.com:butterflyology/theDailyCommit.git
   28f19cf..7f145d3  main -> main
To github.com:butterflyology/theDailyCommit.git
   7f145d3..69b09f6  main -> main
warning: in the working copy of 'launchd_daily_commit.err.log', CRLF will be replaced by LF the next time Git touches it
To github.com:butterflyology/theDailyCommit.git
   69b09f6..8151e86  main -> main
To github.com:butterflyology/theDailyCommit.git
   8151e86..f9cc005  main -> main
To github.com:butterflyology/theDailyCommit.git
   f9cc005..e4077e5  main -> main
warning: in the working copy of 'launchd_daily_commit.err.log', CRLF will be replaced by LF the next time Git touches it
To github.com:butterflyology/theDailyCommit.git
   e4077e5..b573471  main -> main
To github.com:butterflyology/theDailyCommit.git
   b573471..82e8afa  main -> main
To github.com:butterflyology/theDailyCommit.git
   82e8afa..9677b8a  main -> main
To github.com:butterflyology/theDailyCommit.git
   9677b8a..aac3948  main -> main
To github.com:butterflyology/theDailyCommit.git
   aac3948..481c328  main -> main
To github.com:butterflyology/theDailyCommit.git
   481c328..6fc5427  main -> main
To github.com:butterflyology/theDailyCommit.git
   6fc5427..b9edbef  main -> main
To github.com:butterflyology/theDailyCommit.git
   b9edbef..a452ede  main -> main
warning: in the working copy of 'launchd_daily_commit.err.log', CRLF will be replaced by LF the next time Git touches it
To github.com:butterflyology/theDailyCommit.git
   a452ede..083eceb  main -> main
To github.com:butterflyology/theDailyCommit.git
   083eceb..d9e8189  main -> main
To github.com:butterflyology/theDailyCommit.git
   d9e8189..e6a5947  main -> main
To github.com:butterflyology/theDailyCommit.git
   e6a5947..bc341ca  main -> main
To github.com:butterflyology/theDailyCommit.git
   bc341ca..7d88be7  main -> main
To github.com:butterflyology/theDailyCommit.git
   7d88be7..23a458e  main -> main
To github.com:butterflyology/theDailyCommit.git
   23a458e..4b2fd58  main -> main
To github.com:butterflyology/theDailyCommit.git
   4b2fd58..9b6384e  main -> main
To github.com:butterflyology/theDailyCommit.git
   9b6384e..231ca9a  main -> main
To github.com:butterflyology/theDailyCommit.git
   231ca9a..b48f857  main -> main
To github.com:butterflyology/theDailyCommit.git
   b48f857..823b319  main -> main
To github.com:butterflyology/theDailyCommit.git
   823b319..ad54563  main -> main
To github.com:butterflyology/theDailyCommit.git
   ad54563..4a551ca  main -> main
To github.com:butterflyology/theDailyCommit.git
   4a551ca..c51612a  main -> main
To github.com:butterflyology/theDailyCommit.git
   c51612a..bf4a2b6  main -> main
To github.com:butterflyology/theDailyCommit.git
   bf4a2b6..99eade3  main -> main
warning: in the working copy of 'launchd_daily_commit.err.log', CRLF will be replaced by LF the next time Git touches it
To github.com:butterflyology/theDailyCommit.git
   99eade3..c1e4b40  main -> main
To github.com:butterflyology/theDailyCommit.git
   c1e4b40..02641cc  main -> main
To github.com:butterflyology/theDailyCommit.git
   02641cc..e0d1bec  main -> main
To github.com:butterflyology/theDailyCommit.git
   e0d1bec..6834b21  main -> main
To github.com:butterflyology/theDailyCommit.git
   6834b21..4419118  main -> main
To github.com:butterflyology/theDailyCommit.git
   4419118..c331b30  main -> main
To github.com:butterflyology/theDailyCommit.git
   c331b30..13e2a09  main -> main
To github.com:butterflyology/theDailyCommit.git
   13e2a09..0adfe63  main -> main
To github.com:butterflyology/theDailyCommit.git
   0adfe63..be7d634  main -> main
To github.com:butterflyology/theDailyCommit.git
   be7d634..f68fc59  main -> main
To github.com:butterflyology/theDailyCommit.git
   f68fc59..e273821  main -> main
To github.com:butterflyology/theDailyCommit.git
   e273821..baeb892  main -> main
warning: in the working copy of 'launchd_daily_commit.err.log', CRLF will be replaced by LF the next time Git touches it
To github.com:butterflyology/theDailyCommit.git
   baeb892..f81cf16  main -> main
To github.com:butterflyology/theDailyCommit.git
   f81cf16..c78d323  main -> main
To github.com:butterflyology/theDailyCommit.git
   c78d323..29d9ca6  main -> main
To github.com:butterflyology/theDailyCommit.git
   29d9ca6..fb914ac  main -> main
warning: in the working copy of 'launchd_daily_commit.err.log', CRLF will be replaced by LF the next time Git touches it
To github.com:butterflyology/theDailyCommit.git
   fb914ac..8e0d53e  main -> main
To github.com:butterflyology/theDailyCommit.git
   8e0d53e..e382313  main -> main
To github.com:butterflyology/theDailyCommit.git
   e382313..5e84678  main -> main
To github.com:butterflyology/theDailyCommit.git
   5e84678..05fa04d  main -> main
To github.com:butterflyology/theDailyCommit.git
   05fa04d..25ea2e8  main -> main
warning: in the working copy of 'launchd_daily_commit.err.log', CRLF will be replaced by LF the next time Git touches it
To github.com:butterflyology/theDailyCommit.git
   25ea2e8..29bca66  main -> main
To github.com:butterflyology/theDailyCommit.git
   29bca66..d6d1e8a  main -> main
To github.com:butterflyology/theDailyCommit.git
   d6d1e8a..8e9ede0  main -> main
To github.com:butterflyology/theDailyCommit.git
   8e9ede0..8018ad7  main -> main
To github.com:butterflyology/theDailyCommit.git
   8018ad7..ab49fad  main -> main
To github.com:butterflyology/theDailyCommit.git
   ab49fad..2eace15  main -> main
warning: in the working copy of 'launchd_daily_commit.err.log', CRLF will be replaced by LF the next time Git touches it
To github.com:butterflyology/theDailyCommit.git
   2eace15..03d3c3f  main -> main
To github.com:butterflyology/theDailyCommit.git
   03d3c3f..ee08c0f  main -> main
To github.com:butterflyology/theDailyCommit.git
   ee08c0f..0d35a6d  main -> main
To github.com:butterflyology/theDailyCommit.git
   0d35a6d..2ab2cdd  main -> main
To github.com:butterflyology/theDailyCommit.git
   2ab2cdd..9e6fcdd  main -> main
To github.com:butterflyology/theDailyCommit.git
   9e6fcdd..70b2af7  main -> main
To github.com:butterflyology/theDailyCommit.git
   70b2af7..0c9a00e  main -> main
warning: in the working copy of 'launchd_daily_commit.err.log', CRLF will be replaced by LF the next time Git touches it
To github.com:butterflyology/theDailyCommit.git
   0c9a00e..6e30520  main -> main
To github.com:butterflyology/theDailyCommit.git
   6e30520..732d83f  main -> main
To github.com:butterflyology/theDailyCommit.git
   732d83f..9bd75ef  main -> main
To github.com:butterflyology/theDailyCommit.git
   9bd75ef..68069fb  main -> main
To github.com:butterflyology/theDailyCommit.git
   68069fb..4bc9fc0  main -> main
To github.com:butterflyology/theDailyCommit.git
   4bc9fc0..be98bfb  main -> main
To github.com:butterflyology/theDailyCommit.git
   be98bfb..d19fb1a  main -> main
To github.com:butterflyology/theDailyCommit.git
   d19fb1a..4005e73  main -> main
To github.com:butterflyology/theDailyCommit.git
   4005e73..9e17575  main -> main
To github.com:butterflyology/theDailyCommit.git
   9e17575..0b22774  main -> main
warning: in the working copy of 'launchd_daily_commit.err.log', CRLF will be replaced by LF the next time Git touches it
To github.com:butterflyology/theDailyCommit.git
   0b22774..523df2c  main -> main
To github.com:butterflyology/theDailyCommit.git
   523df2c..fa015b4  main -> main
To github.com:butterflyology/theDailyCommit.git
   fa015b4..52c3ac9  main -> main
To github.com:butterflyology/theDailyCommit.git
   52c3ac9..2a1a1e9  main -> main
To github.com:butterflyology/theDailyCommit.git
   2a1a1e9..0d68869  main -> main
warning: in the working copy of 'launchd_daily_commit.err.log', CRLF will be replaced by LF the next time Git touches it
To github.com:butterflyology/theDailyCommit.git
   0d68869..fac2c68  main -> main
To github.com:butterflyology/theDailyCommit.git
   fac2c68..2dc3a35  main -> main
To github.com:butterflyology/theDailyCommit.git
   2dc3a35..ff56449  main -> main
warning: in the working copy of 'launchd_daily_commit.err.log', CRLF will be replaced by LF the next time Git touches it
To github.com:butterflyology/theDailyCommit.git
   ff56449..d7299af  main -> main
To github.com:butterflyology/theDailyCommit.git
   d7299af..a45ebfe  main -> main
warning: in the working copy of 'launchd_daily_commit.err.log', CRLF will be replaced by LF the next time Git touches it
To github.com:butterflyology/theDailyCommit.git
   a45ebfe..47dfc97  main -> main
To github.com:butterflyology/theDailyCommit.git
   47dfc97..cb9a4f1  main -> main
To github.com:butterflyology/theDailyCommit.git
   cb9a4f1..3df2966  main -> main
To github.com:butterflyology/theDailyCommit.git
   3df2966..92fe4b8  main -> main
To github.com:butterflyology/theDailyCommit.git
   92fe4b8..75fcdf2  main -> main
To github.com:butterflyology/theDailyCommit.git
   75fcdf2..72eb927  main -> main
To github.com:butterflyology/theDailyCommit.git
   72eb927..3a38469  main -> main
To github.com:butterflyology/theDailyCommit.git
   3a38469..dc1e76c  main -> main
warning: in the working copy of 'launchd_daily_commit.err.log', CRLF will be replaced by LF the next time Git touches it
To github.com:butterflyology/theDailyCommit.git
   dc1e76c..54a9136  main -> main
To github.com:butterflyology/theDailyCommit.git
   54a9136..f440f59  main -> main
To github.com:butterflyology/theDailyCommit.git
   f440f59..2cc7e36  main -> main
To github.com:butterflyology/theDailyCommit.git
   2cc7e36..e6d3301  main -> main
To github.com:butterflyology/theDailyCommit.git
   e6d3301..a20d42f  main -> main
warning: in the working copy of 'launchd_daily_commit.err.log', CRLF will be replaced by LF the next time Git touches it
To github.com:butterflyology/theDailyCommit.git
   a20d42f..82ba87b  main -> main
To github.com:butterflyology/theDailyCommit.git
   82ba87b..052205b  main -> main
warning: in the working copy of 'launchd_daily_commit.err.log', CRLF will be replaced by LF the next time Git touches it
To github.com:butterflyology/theDailyCommit.git
   052205b..4902d22  main -> main
To github.com:butterflyology/theDailyCommit.git
   4902d22..b4a5f5e  main -> main
To github.com:butterflyology/theDailyCommit.git
   b4a5f5e..cec7dbb  main -> main
To github.com:butterflyology/theDailyCommit.git
   cec7dbb..fb18daa  main -> main
warning: in the working copy of 'launchd_daily_commit.err.log', CRLF will be replaced by LF the next time Git touches it
To github.com:butterflyology/theDailyCommit.git
   fb18daa..67c8ffc  main -> main
To github.com:butterflyology/theDailyCommit.git
   67c8ffc..584211c  main -> main
To github.com:butterflyology/theDailyCommit.git
   584211c..8cb5ce8  main -> main
To github.com:butterflyology/theDailyCommit.git
   8cb5ce8..6b59c76  main -> main
To github.com:butterflyology/theDailyCommit.git
   6b59c76..9982a00  main -> main
To github.com:butterflyology/theDailyCommit.git
   9982a00..5109181  main -> main
To github.com:butterflyology/theDailyCommit.git
   5109181..c4d4910  main -> main
To github.com:butterflyology/theDailyCommit.git
   c4d4910..92b5bf8  main -> main
warning: in the working copy of 'launchd_daily_commit.err.log', CRLF will be replaced by LF the next time Git touches it
To github.com:butterflyology/theDailyCommit.git
   92b5bf8..cfa05bd  main -> main
To github.com:butterflyology/theDailyCommit.git
   cfa05bd..1ae69c2  main -> main
To github.com:butterflyology/theDailyCommit.git
   1ae69c2..e17df0a  main -> main
To github.com:butterflyology/theDailyCommit.git
   e17df0a..761785d  main -> main
To github.com:butterflyology/theDailyCommit.git
   761785d..e2cb9f3  main -> main
To github.com:butterflyology/theDailyCommit.git
   e2cb9f3..3ff5a9b  main -> main
To github.com:butterflyology/theDailyCommit.git
   3ff5a9b..7339c38  main -> main
To github.com:butterflyology/theDailyCommit.git
   7339c38..df5ff49  main -> main
To github.com:butterflyology/theDailyCommit.git
   df5ff49..f2f63bb  main -> main
To github.com:butterflyology/theDailyCommit.git
   f2f63bb..8d02157  main -> main
To github.com:butterflyology/theDailyCommit.git
   8d02157..dca8bd8  main -> main
To github.com:butterflyology/theDailyCommit.git
   dca8bd8..fd6f459  main -> main
To github.com:butterflyology/theDailyCommit.git
   fd6f459..8c1e05e  main -> main
To github.com:butterflyology/theDailyCommit.git
   8c1e05e..3d1bdc1  main -> main
To github.com:butterflyology/theDailyCommit.git
   3d1bdc1..60e7c98  main -> main
warning: in the working copy of 'launchd_daily_commit.err.log', CRLF will be replaced by LF the next time Git touches it
To github.com:butterflyology/theDailyCommit.git
   60e7c98..4710c65  main -> main
To github.com:butterflyology/theDailyCommit.git
   4710c65..6e1be67  main -> main
To github.com:butterflyology/theDailyCommit.git
   6e1be67..cc5d843  main -> main
To github.com:butterflyology/theDailyCommit.git
   cc5d843..6f14830  main -> main
To github.com:butterflyology/theDailyCommit.git
   6f14830..7e60c21  main -> main
To github.com:butterflyology/theDailyCommit.git
   7e60c21..1524da6  main -> main
To github.com:butterflyology/theDailyCommit.git
   1524da6..378cee4  main -> main
warning: in the working copy of 'launchd_daily_commit.err.log', CRLF will be replaced by LF the next time Git touches it
To github.com:butterflyology/theDailyCommit.git
   378cee4..b9f66ae  main -> main
To github.com:butterflyology/theDailyCommit.git
   b9f66ae..bc2ca61  main -> main
To github.com:butterflyology/theDailyCommit.git
   bc2ca61..5150399  main -> main
To github.com:butterflyology/theDailyCommit.git
   5150399..02bfac2  main -> main
To github.com:butterflyology/theDailyCommit.git
   02bfac2..7c30530  main -> main
To github.com:butterflyology/theDailyCommit.git
   7c30530..59bde36  main -> main
To github.com:butterflyology/theDailyCommit.git
   59bde36..55f89f7  main -> main
To github.com:butterflyology/theDailyCommit.git
   55f89f7..c029d39  main -> main
To github.com:butterflyology/theDailyCommit.git
   c029d39..d179d33  main -> main
To github.com:butterflyology/theDailyCommit.git
   d179d33..f94e365  main -> main
To github.com:butterflyology/theDailyCommit.git
   f94e365..9d9d0d5  main -> main
warning: in the working copy of 'launchd_daily_commit.err.log', CRLF will be replaced by LF the next time Git touches it
To github.com:butterflyology/theDailyCommit.git
   9d9d0d5..5d5e4d4  main -> main
To github.com:butterflyology/theDailyCommit.git
   5d5e4d4..875dffc  main -> main
To github.com:butterflyology/theDailyCommit.git
   875dffc..5e276f6  main -> main
To github.com:butterflyology/theDailyCommit.git
   5e276f6..861ff4f  main -> main
warning: in the working copy of 'launchd_daily_commit.err.log', CRLF will be replaced by LF the next time Git touches it
To github.com:butterflyology/theDailyCommit.git
   861ff4f..ad5d339  main -> main
To github.com:butterflyology/theDailyCommit.git
   ad5d339..cc0c6a1  main -> main
To github.com:butterflyology/theDailyCommit.git
   cc0c6a1..4464d01  main -> main
To github.com:butterflyology/theDailyCommit.git
   4464d01..3c96693  main -> main
To github.com:butterflyology/theDailyCommit.git
   3c96693..c12eae3  main -> main
To github.com:butterflyology/theDailyCommit.git
   c12eae3..ca21382  main -> main
To github.com:butterflyology/theDailyCommit.git
   ca21382..5e8d9c9  main -> main
To github.com:butterflyology/theDailyCommit.git
   5e8d9c9..53cc6d6  main -> main
To github.com:butterflyology/theDailyCommit.git
   53cc6d6..89fc689  main -> main
To github.com:butterflyology/theDailyCommit.git
   89fc689..95f8fc9  main -> main
To github.com:butterflyology/theDailyCommit.git
   95f8fc9..7ed2eb0  main -> main
warning: in the working copy of 'launchd_daily_commit.err.log', CRLF will be replaced by LF the next time Git touches it
To github.com:butterflyology/theDailyCommit.git
   7ed2eb0..ebaa870  main -> main
To github.com:butterflyology/theDailyCommit.git
   ebaa870..a59aa61  main -> main
To github.com:butterflyology/theDailyCommit.git
   a59aa61..9ad8e1a  main -> main
To github.com:butterflyology/theDailyCommit.git
   9ad8e1a..f9219ad  main -> main
To github.com:butterflyology/theDailyCommit.git
   f9219ad..6c6d4d9  main -> main
To github.com:butterflyology/theDailyCommit.git
   6c6d4d9..88e5855  main -> main
warning: in the working copy of 'launchd_daily_commit.err.log', CRLF will be replaced by LF the next time Git touches it
To github.com:butterflyology/theDailyCommit.git
   88e5855..692339c  main -> main
To github.com:butterflyology/theDailyCommit.git
   692339c..fe2d4fc  main -> main
To github.com:butterflyology/theDailyCommit.git
   fe2d4fc..c9d884b  main -> main
To github.com:butterflyology/theDailyCommit.git
   c9d884b..5d515cf  main -> main
To github.com:butterflyology/theDailyCommit.git
   5d515cf..cf6594b  main -> main
warning: in the working copy of 'launchd_daily_commit.err.log', CRLF will be replaced by LF the next time Git touches it
To github.com:butterflyology/theDailyCommit.git
   cf6594b..bd339ed  main -> main
To github.com:butterflyology/theDailyCommit.git
   bd339ed..66c71e9  main -> main
To github.com:butterflyology/theDailyCommit.git
   66c71e9..0e2c644  main -> main
To github.com:butterflyology/theDailyCommit.git
   0e2c644..6fe9815  main -> main
To github.com:butterflyology/theDailyCommit.git
   6fe9815..522cf4a  main -> main
To github.com:butterflyology/theDailyCommit.git
   522cf4a..a28d4d4  main -> main
warning: in the working copy of 'launchd_daily_commit.err.log', CRLF will be replaced by LF the next time Git touches it
To github.com:butterflyology/theDailyCommit.git
   a28d4d4..9faa503  main -> main
To github.com:butterflyology/theDailyCommit.git
   9faa503..eabe444  main -> main
To github.com:butterflyology/theDailyCommit.git
   eabe444..c567e2f  main -> main
To github.com:butterflyology/theDailyCommit.git
   c567e2f..5475ff6  main -> main
To github.com:butterflyology/theDailyCommit.git
   5475ff6..0599323  main -> main
To github.com:butterflyology/theDailyCommit.git
   0599323..147b07a  main -> main
warning: in the working copy of 'launchd_daily_commit.err.log', CRLF will be replaced by LF the next time Git touches it
To github.com:butterflyology/theDailyCommit.git
   147b07a..b42b5f6  main -> main
To github.com:butterflyology/theDailyCommit.git
   b42b5f6..9239323  main -> main
To github.com:butterflyology/theDailyCommit.git
   9239323..e14bb3a  main -> main
To github.com:butterflyology/theDailyCommit.git
   e14bb3a..8faf6a4  main -> main
To github.com:butterflyology/theDailyCommit.git
   8faf6a4..f6baed4  main -> main
To github.com:butterflyology/theDailyCommit.git
   f6baed4..27a261b  main -> main
To github.com:butterflyology/theDailyCommit.git
   27a261b..bcf3179  main -> main
To github.com:butterflyology/theDailyCommit.git
   bcf3179..dc81570  main -> main
To github.com:butterflyology/theDailyCommit.git
   dc81570..33e6f80  main -> main
To github.com:butterflyology/theDailyCommit.git
   33e6f80..e8b4cb9  main -> main
To github.com:butterflyology/theDailyCommit.git
   e8b4cb9..3e3b508  main -> main
To github.com:butterflyology/theDailyCommit.git
   3e3b508..320cf40  main -> main
To github.com:butterflyology/theDailyCommit.git
   320cf40..9be2a36  main -> main
To github.com:butterflyology/theDailyCommit.git
   9be2a36..2df1b81  main -> main
To github.com:butterflyology/theDailyCommit.git
   2df1b81..f5f0daa  main -> main
warning: in the working copy of 'launchd_daily_commit.err.log', CRLF will be replaced by LF the next time Git touches it
To github.com:butterflyology/theDailyCommit.git
   f5f0daa..15e9f86  main -> main
To github.com:butterflyology/theDailyCommit.git
   15e9f86..7a74adc  main -> main
To github.com:butterflyology/theDailyCommit.git
   7a74adc..a526640  main -> main
To github.com:butterflyology/theDailyCommit.git
   a526640..4897610  main -> main
To github.com:butterflyology/theDailyCommit.git
   4897610..4669bf2  main -> main
warning: in the working copy of 'launchd_daily_commit.err.log', CRLF will be replaced by LF the next time Git touches it
To github.com:butterflyology/theDailyCommit.git
   4669bf2..0bf3702  main -> main
To github.com:butterflyology/theDailyCommit.git
   0bf3702..8eebf60  main -> main
To github.com:butterflyology/theDailyCommit.git
   8eebf60..0604ba6  main -> main
To github.com:butterflyology/theDailyCommit.git
   0604ba6..454970b  main -> main
To github.com:butterflyology/theDailyCommit.git
   454970b..6cac82a  main -> main
To github.com:butterflyology/theDailyCommit.git
   6cac82a..0424fef  main -> main
warning: in the working copy of 'launchd_daily_commit.err.log', CRLF will be replaced by LF the next time Git touches it
To github.com:butterflyology/theDailyCommit.git
   0424fef..e63d82e  main -> main
To github.com:butterflyology/theDailyCommit.git
   e63d82e..3eb428a  main -> main
To github.com:butterflyology/theDailyCommit.git
   3eb428a..9f9e6ce  main -> main
To github.com:butterflyology/theDailyCommit.git
   9f9e6ce..7f0422b  main -> main
To github.com:butterflyology/theDailyCommit.git
   7f0422b..6052943  main -> main
To github.com:butterflyology/theDailyCommit.git
   6052943..0c6e3eb  main -> main
To github.com:butterflyology/theDailyCommit.git
   0c6e3eb..2e2e082  main -> main
To github.com:butterflyology/theDailyCommit.git
   2e2e082..ea0cfeb  main -> main
warning: in the working copy of 'launchd_daily_commit.err.log', CRLF will be replaced by LF the next time Git touches it
To github.com:butterflyology/theDailyCommit.git
   ea0cfeb..3dd0126  main -> main
To github.com:butterflyology/theDailyCommit.git
   3dd0126..8ba7441  main -> main
To github.com:butterflyology/theDailyCommit.git
   8ba7441..a70a426  main -> main
To github.com:butterflyology/theDailyCommit.git
   a70a426..9fc75ca  main -> main
To github.com:butterflyology/theDailyCommit.git
   9fc75ca..276f59c  main -> main
To github.com:butterflyology/theDailyCommit.git
   276f59c..1ce78c4  main -> main
To github.com:butterflyology/theDailyCommit.git
   1ce78c4..ebd2702  main -> main
To github.com:butterflyology/theDailyCommit.git
   ebd2702..d124325  main -> main
warning: in the working copy of 'launchd_daily_commit.err.log', CRLF will be replaced by LF the next time Git touches it
To github.com:butterflyology/theDailyCommit.git
   d124325..4f955e4  main -> main
To github.com:butterflyology/theDailyCommit.git
   4f955e4..b0a992b  main -> main
To github.com:butterflyology/theDailyCommit.git
   b0a992b..1d79386  main -> main
To github.com:butterflyology/theDailyCommit.git
   1d79386..d4570f3  main -> main
To github.com:butterflyology/theDailyCommit.git
   d4570f3..65fdc39  main -> main
To github.com:butterflyology/theDailyCommit.git
   65fdc39..7c16c12  main -> main
To github.com:butterflyology/theDailyCommit.git
   7c16c12..1b1f964  main -> main
warning: in the working copy of 'launchd_daily_commit.err.log', CRLF will be replaced by LF the next time Git touches it
To github.com:butterflyology/theDailyCommit.git
   1b1f964..63f22b5  main -> main
To github.com:butterflyology/theDailyCommit.git
   63f22b5..16c12c2  main -> main
To github.com:butterflyology/theDailyCommit.git
   16c12c2..e5af456  main -> main
To github.com:butterflyology/theDailyCommit.git
   e5af456..5a9ba05  main -> main
warning: in the working copy of 'launchd_daily_commit.err.log', CRLF will be replaced by LF the next time Git touches it
To github.com:butterflyology/theDailyCommit.git
   5a9ba05..d87de5f  main -> main
To github.com:butterflyology/theDailyCommit.git
   d87de5f..7a64526  main -> main
To github.com:butterflyology/theDailyCommit.git
   7a64526..ff7d657  main -> main
warning: in the working copy of 'launchd_daily_commit.err.log', CRLF will be replaced by LF the next time Git touches it
To github.com:butterflyology/theDailyCommit.git
   ff7d657..0991ff7  main -> main
To github.com:butterflyology/theDailyCommit.git
   0991ff7..5043a03  main -> main
To github.com:butterflyology/theDailyCommit.git
   5043a03..715573e  main -> main
To github.com:butterflyology/theDailyCommit.git
   715573e..d8a5d7b  main -> main
To github.com:butterflyology/theDailyCommit.git
   d8a5d7b..7f183a5  main -> main
To github.com:butterflyology/theDailyCommit.git
   7f183a5..03978f5  main -> main
warning: in the working copy of 'launchd_daily_commit.err.log', CRLF will be replaced by LF the next time Git touches it
To github.com:butterflyology/theDailyCommit.git
   03978f5..02dbfce  main -> main
To github.com:butterflyology/theDailyCommit.git
   02dbfce..3706f5d  main -> main
To github.com:butterflyology/theDailyCommit.git
   3706f5d..7f6f37b  main -> main
warning: in the working copy of 'launchd_daily_commit.err.log', CRLF will be replaced by LF the next time Git touches it
To github.com:butterflyology/theDailyCommit.git
   7f6f37b..ef67a99  main -> main
To github.com:butterflyology/theDailyCommit.git
   ef67a99..c126bf7  main -> main
To github.com:butterflyology/theDailyCommit.git
   c126bf7..954322e  main -> main
To github.com:butterflyology/theDailyCommit.git
   954322e..8d3376f  main -> main
warning: in the working copy of 'launchd_daily_commit.err.log', CRLF will be replaced by LF the next time Git touches it
To github.com:butterflyology/theDailyCommit.git
   8d3376f..1e5c892  main -> main
To github.com:butterflyology/theDailyCommit.git
   1e5c892..7f84655  main -> main
To github.com:butterflyology/theDailyCommit.git
   7f84655..223d3a6  main -> main
To github.com:butterflyology/theDailyCommit.git
   223d3a6..5b89ad6  main -> main
To github.com:butterflyology/theDailyCommit.git
   5b89ad6..936d7ba  main -> main
To github.com:butterflyology/theDailyCommit.git
   936d7ba..9b5d9b1  main -> main
warning: in the working copy of 'launchd_daily_commit.err.log', CRLF will be replaced by LF the next time Git touches it
To github.com:butterflyology/theDailyCommit.git
   9b5d9b1..ec6943e  main -> main
To github.com:butterflyology/theDailyCommit.git
   ec6943e..5552ac4  main -> main
To github.com:butterflyology/theDailyCommit.git
   5552ac4..41d44a8  main -> main
To github.com:butterflyology/theDailyCommit.git
   41d44a8..e4102aa  main -> main
To github.com:butterflyology/theDailyCommit.git
   e4102aa..f0b153a  main -> main
warning: in the working copy of 'launchd_daily_commit.err.log', CRLF will be replaced by LF the next time Git touches it
To github.com:butterflyology/theDailyCommit.git
   f0b153a..1de145f  main -> main
To github.com:butterflyology/theDailyCommit.git
   1de145f..fbf1545  main -> main
To github.com:butterflyology/theDailyCommit.git
   fbf1545..98d2254  main -> main
To github.com:butterflyology/theDailyCommit.git
   98d2254..28cefde  main -> main
To github.com:butterflyology/theDailyCommit.git
   28cefde..e416f8c  main -> main
warning: in the working copy of 'launchd_daily_commit.err.log', CRLF will be replaced by LF the next time Git touches it
To github.com:butterflyology/theDailyCommit.git
   e416f8c..dac542d  main -> main
To github.com:butterflyology/theDailyCommit.git
   dac542d..4c06e2a  main -> main
To github.com:butterflyology/theDailyCommit.git
   4c06e2a..c456332  main -> main
To github.com:butterflyology/theDailyCommit.git
   c456332..e8dd325  main -> main
To github.com:butterflyology/theDailyCommit.git
   e8dd325..e994cc1  main -> main
To github.com:butterflyology/theDailyCommit.git
   e994cc1..0322dd7  main -> main
To github.com:butterflyology/theDailyCommit.git
   0322dd7..e329256  main -> main
warning: in the working copy of 'launchd_daily_commit.err.log', CRLF will be replaced by LF the next time Git touches it
To github.com:butterflyology/theDailyCommit.git
   e329256..a951bba  main -> main
To github.com:butterflyology/theDailyCommit.git
   a951bba..63e1f2b  main -> main
To github.com:butterflyology/theDailyCommit.git
   63e1f2b..0e8b415  main -> main
warning: in the working copy of 'launchd_daily_commit.err.log', CRLF will be replaced by LF the next time Git touches it
To github.com:butterflyology/theDailyCommit.git
   0e8b415..5ea986c  main -> main
To github.com:butterflyology/theDailyCommit.git
   5ea986c..f892611  main -> main
To github.com:butterflyology/theDailyCommit.git
   f892611..3962c0a  main -> main
To github.com:butterflyology/theDailyCommit.git
   3962c0a..0ec62fe  main -> main
To github.com:butterflyology/theDailyCommit.git
   0ec62fe..b8df49e  main -> main
warning: in the working copy of 'launchd_daily_commit.err.log', CRLF will be replaced by LF the next time Git touches it
To github.com:butterflyology/theDailyCommit.git
   b8df49e..9d45127  main -> main
To github.com:butterflyology/theDailyCommit.git
   9d45127..9fe28fc  main -> main
To github.com:butterflyology/theDailyCommit.git
   9fe28fc..6a35da8  main -> main
To github.com:butterflyology/theDailyCommit.git
   6a35da8..7fca518  main -> main
To github.com:butterflyology/theDailyCommit.git
   7fca518..ea9d42c  main -> main
To github.com:butterflyology/theDailyCommit.git
   ea9d42c..01f0d1b  main -> main
To github.com:butterflyology/theDailyCommit.git
   01f0d1b..a551921  main -> main
To github.com:butterflyology/theDailyCommit.git
   a551921..6ea0389  main -> main
To github.com:butterflyology/theDailyCommit.git
   6ea0389..cddf999  main -> main
warning: in the working copy of 'launchd_daily_commit.err.log', CRLF will be replaced by LF the next time Git touches it
To github.com:butterflyology/theDailyCommit.git
   cddf999..294ac44  main -> main
To github.com:butterflyology/theDailyCommit.git
   294ac44..1ad54ac  main -> main
To github.com:butterflyology/theDailyCommit.git
   1ad54ac..374938e  main -> main
To github.com:butterflyology/theDailyCommit.git
   374938e..df74e3d  main -> main
To github.com:butterflyology/theDailyCommit.git
   df74e3d..8f55c80  main -> main
warning: in the working copy of 'launchd_daily_commit.err.log', CRLF will be replaced by LF the next time Git touches it
To github.com:butterflyology/theDailyCommit.git
   8f55c80..ca9a7b4  main -> main
To github.com:butterflyology/theDailyCommit.git
   ca9a7b4..c448fb0  main -> main
To github.com:butterflyology/theDailyCommit.git
   c448fb0..b0f879e  main -> main
To github.com:butterflyology/theDailyCommit.git
   b0f879e..8bf1aef  main -> main
To github.com:butterflyology/theDailyCommit.git
   8bf1aef..ce42641  main -> main
To github.com:butterflyology/theDailyCommit.git
   ce42641..b853ddc  main -> main
To github.com:butterflyology/theDailyCommit.git
   b853ddc..c69b251  main -> main
To github.com:butterflyology/theDailyCommit.git
   c69b251..095c865  main -> main
warning: in the working copy of 'launchd_daily_commit.err.log', CRLF will be replaced by LF the next time Git touches it
To github.com:butterflyology/theDailyCommit.git
   095c865..80d8d58  main -> main
To github.com:butterflyology/theDailyCommit.git
   80d8d58..ee994a0  main -> main
To github.com:butterflyology/theDailyCommit.git
   ee994a0..21811a2  main -> main
To github.com:butterflyology/theDailyCommit.git
   21811a2..4747e2d  main -> main
warning: in the working copy of 'launchd_daily_commit.err.log', CRLF will be replaced by LF the next time Git touches it
To github.com:butterflyology/theDailyCommit.git
   4747e2d..e085ded  main -> main
To github.com:butterflyology/theDailyCommit.git
   e085ded..c35fab6  main -> main
To github.com:butterflyology/theDailyCommit.git
   c35fab6..25b4f68  main -> main
To github.com:butterflyology/theDailyCommit.git
   25b4f68..121337d  main -> main
To github.com:butterflyology/theDailyCommit.git
   121337d..8d73eec  main -> main
To github.com:butterflyology/theDailyCommit.git
   8d73eec..090123e  main -> main
warning: in the working copy of 'launchd_daily_commit.err.log', CRLF will be replaced by LF the next time Git touches it
To github.com:butterflyology/theDailyCommit.git
   090123e..ea65e96  main -> main
To github.com:butterflyology/theDailyCommit.git
   ea65e96..dcb9bdc  main -> main
warning: in the working copy of 'launchd_daily_commit.err.log', CRLF will be replaced by LF the next time Git touches it
To github.com:butterflyology/theDailyCommit.git
   dcb9bdc..f7642ab  main -> main
To github.com:butterflyology/theDailyCommit.git
   f7642ab..8e93314  main -> main
To github.com:butterflyology/theDailyCommit.git
   8e93314..19e741f  main -> main
To github.com:butterflyology/theDailyCommit.git
   19e741f..4da9d47  main -> main
warning: in the working copy of 'launchd_daily_commit.err.log', CRLF will be replaced by LF the next time Git touches it
To github.com:butterflyology/theDailyCommit.git
   4da9d47..330dd42  main -> main
To github.com:butterflyology/theDailyCommit.git
   330dd42..65cc353  main -> main
To github.com:butterflyology/theDailyCommit.git
   65cc353..fd712c1  main -> main
To github.com:butterflyology/theDailyCommit.git
   fd712c1..17c661a  main -> main
warning: in the working copy of 'launchd_daily_commit.err.log', CRLF will be replaced by LF the next time Git touches it
To github.com:butterflyology/theDailyCommit.git
   17c661a..d2e3450  main -> main
To github.com:butterflyology/theDailyCommit.git
   d2e3450..83723d2  main -> main
To github.com:butterflyology/theDailyCommit.git
   83723d2..6a85748  main -> main
To github.com:butterflyology/theDailyCommit.git
   6a85748..1c2ee70  main -> main
To github.com:butterflyology/theDailyCommit.git
   1c2ee70..5e20f2d  main -> main
To github.com:butterflyology/theDailyCommit.git
   5e20f2d..7d72ce3  main -> main
To github.com:butterflyology/theDailyCommit.git
   7d72ce3..adba983  main -> main
To github.com:butterflyology/theDailyCommit.git
   adba983..4179c18  main -> main
warning: in the working copy of 'launchd_daily_commit.err.log', CRLF will be replaced by LF the next time Git touches it
To github.com:butterflyology/theDailyCommit.git
   4179c18..2c94958  main -> main
To github.com:butterflyology/theDailyCommit.git
   2c94958..5e551d4  main -> main
To github.com:butterflyology/theDailyCommit.git
   5e551d4..8230eca  main -> main
To github.com:butterflyology/theDailyCommit.git
   8230eca..409bf78  main -> main
To github.com:butterflyology/theDailyCommit.git
   409bf78..66230e1  main -> main
To github.com:butterflyology/theDailyCommit.git
   66230e1..86ce6ae  main -> main
warning: in the working copy of 'launchd_daily_commit.err.log', CRLF will be replaced by LF the next time Git touches it
To github.com:butterflyology/theDailyCommit.git
   86ce6ae..f666d45  main -> main
To github.com:butterflyology/theDailyCommit.git
   f666d45..f8aff83  main -> main
To github.com:butterflyology/theDailyCommit.git
   f8aff83..5321d36  main -> main
To github.com:butterflyology/theDailyCommit.git
   5321d36..607dc46  main -> main
To github.com:butterflyology/theDailyCommit.git
   607dc46..61f586c  main -> main
To github.com:butterflyology/theDailyCommit.git
   61f586c..a0fc78c  main -> main
To github.com:butterflyology/theDailyCommit.git
   a0fc78c..29893cd  main -> main
To github.com:butterflyology/theDailyCommit.git
   29893cd..bb2463c  main -> main
warning: in the working copy of 'launchd_daily_commit.err.log', CRLF will be replaced by LF the next time Git touches it
To github.com:butterflyology/theDailyCommit.git
   bb2463c..11114cd  main -> main
To github.com:butterflyology/theDailyCommit.git
   11114cd..e76ead7  main -> main
To github.com:butterflyology/theDailyCommit.git
   e76ead7..600533e  main -> main
warning: in the working copy of 'launchd_daily_commit.err.log', CRLF will be replaced by LF the next time Git touches it
To github.com:butterflyology/theDailyCommit.git
   600533e..9309db1  main -> main
To github.com:butterflyology/theDailyCommit.git
   9309db1..fbea4ef  main -> main
To github.com:butterflyology/theDailyCommit.git
   fbea4ef..652f03c  main -> main
To github.com:butterflyology/theDailyCommit.git
   652f03c..e544db2  main -> main
To github.com:butterflyology/theDailyCommit.git
   e544db2..f44eda1  main -> main
warning: in the working copy of 'launchd_daily_commit.err.log', CRLF will be replaced by LF the next time Git touches it
To github.com:butterflyology/theDailyCommit.git
   f44eda1..5c95513  main -> main
To github.com:butterflyology/theDailyCommit.git
   5c95513..5ffded2  main -> main
To github.com:butterflyology/theDailyCommit.git
   5ffded2..81982c5  main -> main
To github.com:butterflyology/theDailyCommit.git
   81982c5..dbc076f  main -> main
To github.com:butterflyology/theDailyCommit.git
   dbc076f..0e69449  main -> main
To github.com:butterflyology/theDailyCommit.git
   0e69449..ca25f79  main -> main
To github.com:butterflyology/theDailyCommit.git
   ca25f79..9af7904  main -> main
To github.com:butterflyology/theDailyCommit.git
   9af7904..2f9d27f  main -> main
warning: in the working copy of 'launchd_daily_commit.err.log', CRLF will be replaced by LF the next time Git touches it
To github.com:butterflyology/theDailyCommit.git
   2f9d27f..44000b2  main -> main
To github.com:butterflyology/theDailyCommit.git
   44000b2..1101f0c  main -> main
To github.com:butterflyology/theDailyCommit.git
   1101f0c..af7abd9  main -> main
To github.com:butterflyology/theDailyCommit.git
   af7abd9..fbbf97d  main -> main
To github.com:butterflyology/theDailyCommit.git
   fbbf97d..b43b347  main -> main
To github.com:butterflyology/theDailyCommit.git
   b43b347..13e53db  main -> main
warning: in the working copy of 'launchd_daily_commit.err.log', CRLF will be replaced by LF the next time Git touches it
To github.com:butterflyology/theDailyCommit.git
   13e53db..408a1a2  main -> main
To github.com:butterflyology/theDailyCommit.git
   408a1a2..5d6e169  main -> main
To github.com:butterflyology/theDailyCommit.git
   5d6e169..688a635  main -> main
To github.com:butterflyology/theDailyCommit.git
   688a635..58e70db  main -> main
warning: in the working copy of 'launchd_daily_commit.err.log', CRLF will be replaced by LF the next time Git touches it
To github.com:butterflyology/theDailyCommit.git
   58e70db..0407833  main -> main
To github.com:butterflyology/theDailyCommit.git
   0407833..6a0d325  main -> main
To github.com:butterflyology/theDailyCommit.git
   6a0d325..92c8bd0  main -> main
To github.com:butterflyology/theDailyCommit.git
   92c8bd0..686a51c  main -> main
warning: in the working copy of 'launchd_daily_commit.err.log', CRLF will be replaced by LF the next time Git touches it
To github.com:butterflyology/theDailyCommit.git
   686a51c..9f1378a  main -> main
To github.com:butterflyology/theDailyCommit.git
   9f1378a..f4e9ee4  main -> main
To github.com:butterflyology/theDailyCommit.git
   f4e9ee4..a5051cf  main -> main
To github.com:butterflyology/theDailyCommit.git
   a5051cf..f4f18e6  main -> main
To github.com:butterflyology/theDailyCommit.git
   f4f18e6..ee7ac4a  main -> main
warning: in the working copy of 'launchd_daily_commit.err.log', CRLF will be replaced by LF the next time Git touches it
To github.com:butterflyology/theDailyCommit.git
   ee7ac4a..80c23c3  main -> main
To github.com:butterflyology/theDailyCommit.git
   80c23c3..d839eb9  main -> main
To github.com:butterflyology/theDailyCommit.git
   d839eb9..26f85e9  main -> main
warning: in the working copy of 'launchd_daily_commit.err.log', CRLF will be replaced by LF the next time Git touches it
To github.com:butterflyology/theDailyCommit.git
   26f85e9..c47e809  main -> main
To github.com:butterflyology/theDailyCommit.git
   c47e809..a9e852d  main -> main
To github.com:butterflyology/theDailyCommit.git
   a9e852d..3fb0c7f  main -> main
To github.com:butterflyology/theDailyCommit.git
   3fb0c7f..9c237d8  main -> main
To github.com:butterflyology/theDailyCommit.git
   9c237d8..b8ec68d  main -> main
To github.com:butterflyology/theDailyCommit.git
   b8ec68d..d9ee15a  main -> main
To github.com:butterflyology/theDailyCommit.git
   d9ee15a..79ff6e8  main -> main
To github.com:butterflyology/theDailyCommit.git
   79ff6e8..c1d836b  main -> main
warning: in the working copy of 'launchd_daily_commit.err.log', CRLF will be replaced by LF the next time Git touches it
To github.com:butterflyology/theDailyCommit.git
   c1d836b..2e21afd  main -> main
To github.com:butterflyology/theDailyCommit.git
   2e21afd..8457f14  main -> main
warning: in the working copy of 'launchd_daily_commit.err.log', CRLF will be replaced by LF the next time Git touches it
To github.com:butterflyology/theDailyCommit.git
   8457f14..f54986f  main -> main
To github.com:butterflyology/theDailyCommit.git
   f54986f..c68b9aa  main -> main
To github.com:butterflyology/theDailyCommit.git
   c68b9aa..8ca8d76  main -> main
To github.com:butterflyology/theDailyCommit.git
   8ca8d76..0332b67  main -> main
To github.com:butterflyology/theDailyCommit.git
   0332b67..c2b09e5  main -> main
To github.com:butterflyology/theDailyCommit.git
   c2b09e5..6c2f8d8  main -> main
warning: in the working copy of 'launchd_daily_commit.err.log', CRLF will be replaced by LF the next time Git touches it
To github.com:butterflyology/theDailyCommit.git
   6c2f8d8..0dbe8e7  main -> main
To github.com:butterflyology/theDailyCommit.git
   0dbe8e7..e571141  main -> main
To github.com:butterflyology/theDailyCommit.git
   e571141..6325562  main -> main
warning: in the working copy of 'launchd_daily_commit.err.log', CRLF will be replaced by LF the next time Git touches it
To github.com:butterflyology/theDailyCommit.git
   6325562..0e3a81b  main -> main
To github.com:butterflyology/theDailyCommit.git
   0e3a81b..8e2276d  main -> main
To github.com:butterflyology/theDailyCommit.git
   8e2276d..32991c8  main -> main
To github.com:butterflyology/theDailyCommit.git
   32991c8..bd4ec7e  main -> main
To github.com:butterflyology/theDailyCommit.git
   bd4ec7e..9ba0358  main -> main
To github.com:butterflyology/theDailyCommit.git
   9ba0358..030c34c  main -> main
To github.com:butterflyology/theDailyCommit.git
   030c34c..de06a8c  main -> main
To github.com:butterflyology/theDailyCommit.git
   de06a8c..9f60ec0  main -> main
To github.com:butterflyology/theDailyCommit.git
   9f60ec0..e6e90a0  main -> main
To github.com:butterflyology/theDailyCommit.git
   e6e90a0..4df163c  main -> main
To github.com:butterflyology/theDailyCommit.git
   4df163c..9673522  main -> main
To github.com:butterflyology/theDailyCommit.git
   9673522..ba59c33  main -> main
To github.com:butterflyology/theDailyCommit.git
   ba59c33..1a461de  main -> main
warning: in the working copy of 'launchd_daily_commit.err.log', CRLF will be replaced by LF the next time Git touches it
To github.com:butterflyology/theDailyCommit.git
   1a461de..dd95551  main -> main
To github.com:butterflyology/theDailyCommit.git
   dd95551..009e4ca  main -> main
warning: in the working copy of 'launchd_daily_commit.err.log', CRLF will be replaced by LF the next time Git touches it
To github.com:butterflyology/theDailyCommit.git
   009e4ca..e959ce5  main -> main
To github.com:butterflyology/theDailyCommit.git
   e959ce5..eac5270  main -> main
To github.com:butterflyology/theDailyCommit.git
   eac5270..73501c9  main -> main
To github.com:butterflyology/theDailyCommit.git
   73501c9..0a18b1b  main -> main
To github.com:butterflyology/theDailyCommit.git
   0a18b1b..8b49886  main -> main
To github.com:butterflyology/theDailyCommit.git
   8b49886..edaeb8f  main -> main
To github.com:butterflyology/theDailyCommit.git
   edaeb8f..89032e0  main -> main
warning: in the working copy of 'launchd_daily_commit.err.log', CRLF will be replaced by LF the next time Git touches it
To github.com:butterflyology/theDailyCommit.git
   89032e0..f54c220  main -> main
To github.com:butterflyology/theDailyCommit.git
   f54c220..927efe5  main -> main
To github.com:butterflyology/theDailyCommit.git
   927efe5..586f0da  main -> main
warning: in the working copy of 'launchd_daily_commit.err.log', CRLF will be replaced by LF the next time Git touches it
To github.com:butterflyology/theDailyCommit.git
   586f0da..c855a14  main -> main
To github.com:butterflyology/theDailyCommit.git
   c855a14..b7ca73b  main -> main
To github.com:butterflyology/theDailyCommit.git
   b7ca73b..aa55d7c  main -> main
To github.com:butterflyology/theDailyCommit.git
   aa55d7c..95d6088  main -> main
warning: in the working copy of 'launchd_daily_commit.err.log', CRLF will be replaced by LF the next time Git touches it
To github.com:butterflyology/theDailyCommit.git
   95d6088..596515b  main -> main
To github.com:butterflyology/theDailyCommit.git
   596515b..c554c9e  main -> main
To github.com:butterflyology/theDailyCommit.git
   c554c9e..12f3caa  main -> main
To github.com:butterflyology/theDailyCommit.git
   12f3caa..c91743f  main -> main
To github.com:butterflyology/theDailyCommit.git
   c91743f..b66462f  main -> main
To github.com:butterflyology/theDailyCommit.git
   b66462f..456859d  main -> main
warning: in the working copy of 'launchd_daily_commit.err.log', CRLF will be replaced by LF the next time Git touches it
To github.com:butterflyology/theDailyCommit.git
   456859d..f2af772  main -> main
To github.com:butterflyology/theDailyCommit.git
   f2af772..cd8a2b9  main -> main
To github.com:butterflyology/theDailyCommit.git
   cd8a2b9..c36a56b  main -> main
To github.com:butterflyology/theDailyCommit.git
   c36a56b..eff404f  main -> main
To github.com:butterflyology/theDailyCommit.git
   eff404f..7b66de5  main -> main
warning: in the working copy of 'launchd_daily_commit.err.log', CRLF will be replaced by LF the next time Git touches it
To github.com:butterflyology/theDailyCommit.git
   7b66de5..120c7da  main -> main
To github.com:butterflyology/theDailyCommit.git
   120c7da..0d17e85  main -> main
To github.com:butterflyology/theDailyCommit.git
   0d17e85..bbd4584  main -> main
To github.com:butterflyology/theDailyCommit.git
   bbd4584..4a93834  main -> main
To github.com:butterflyology/theDailyCommit.git
   4a93834..d2d71b9  main -> main
To github.com:butterflyology/theDailyCommit.git
   d2d71b9..ddbacfa  main -> main
To github.com:butterflyology/theDailyCommit.git
   ddbacfa..fb1e012  main -> main
warning: in the working copy of 'launchd_daily_commit.err.log', CRLF will be replaced by LF the next time Git touches it
To github.com:butterflyology/theDailyCommit.git
   fb1e012..dcfa5ab  main -> main
To github.com:butterflyology/theDailyCommit.git
   dcfa5ab..d56567f  main -> main
To github.com:butterflyology/theDailyCommit.git
   d56567f..3df0a58  main -> main
To github.com:butterflyology/theDailyCommit.git
   3df0a58..a67bebc  main -> main
To github.com:butterflyology/theDailyCommit.git
   a67bebc..1ae6960  main -> main
warning: in the working copy of 'launchd_daily_commit.err.log', CRLF will be replaced by LF the next time Git touches it
To github.com:butterflyology/theDailyCommit.git
   1ae6960..e882367  main -> main
To github.com:butterflyology/theDailyCommit.git
   e882367..92023f8  main -> main
To github.com:butterflyology/theDailyCommit.git
   92023f8..057ed15  main -> main
To github.com:butterflyology/theDailyCommit.git
   057ed15..4e6afc2  main -> main
To github.com:butterflyology/theDailyCommit.git
   4e6afc2..52f10a6  main -> main
To github.com:butterflyology/theDailyCommit.git
   52f10a6..708e79f  main -> main
To github.com:butterflyology/theDailyCommit.git
   708e79f..4137a09  main -> main
To github.com:butterflyology/theDailyCommit.git
   4137a09..69106ef  main -> main
To github.com:butterflyology/theDailyCommit.git
   69106ef..692921d  main -> main
warning: in the working copy of 'launchd_daily_commit.err.log', CRLF will be replaced by LF the next time Git touches it
To github.com:butterflyology/theDailyCommit.git
   692921d..eea66c9  main -> main
To github.com:butterflyology/theDailyCommit.git
   eea66c9..39c7828  main -> main
To github.com:butterflyology/theDailyCommit.git
   39c7828..7ef7a34  main -> main
To github.com:butterflyology/theDailyCommit.git
   7ef7a34..5bcdb1a  main -> main
To github.com:butterflyology/theDailyCommit.git
   5bcdb1a..e490ef8  main -> main
To github.com:butterflyology/theDailyCommit.git
   e490ef8..cc0793f  main -> main
To github.com:butterflyology/theDailyCommit.git
   cc0793f..3865d3f  main -> main
warning: in the working copy of 'launchd_daily_commit.err.log', CRLF will be replaced by LF the next time Git touches it
To github.com:butterflyology/theDailyCommit.git
   3865d3f..e4b6287  main -> main
To github.com:butterflyology/theDailyCommit.git
   e4b6287..3ebd872  main -> main
To github.com:butterflyology/theDailyCommit.git
   3ebd872..1cd590c  main -> main
To github.com:butterflyology/theDailyCommit.git
   1cd590c..277b90d  main -> main
To github.com:butterflyology/theDailyCommit.git
   277b90d..2fdf19d  main -> main
To github.com:butterflyology/theDailyCommit.git
   2fdf19d..862074a  main -> main
To github.com:butterflyology/theDailyCommit.git
   862074a..a637403  main -> main
To github.com:butterflyology/theDailyCommit.git
   a637403..f1d6ac1  main -> main
warning: in the working copy of 'launchd_daily_commit.err.log', CRLF will be replaced by LF the next time Git touches it
To github.com:butterflyology/theDailyCommit.git
   f1d6ac1..492aaf8  main -> main
To github.com:butterflyology/theDailyCommit.git
   492aaf8..00e423a  main -> main
warning: in the working copy of 'launchd_daily_commit.err.log', CRLF will be replaced by LF the next time Git touches it
To github.com:butterflyology/theDailyCommit.git
   00e423a..aede5f2  main -> main
To github.com:butterflyology/theDailyCommit.git
   aede5f2..bdb60dc  main -> main
To github.com:butterflyology/theDailyCommit.git
   bdb60dc..9eaa8d8  main -> main
To github.com:butterflyology/theDailyCommit.git
   9eaa8d8..0d19caa  main -> main
To github.com:butterflyology/theDailyCommit.git
   0d19caa..7e977b9  main -> main
To github.com:butterflyology/theDailyCommit.git
   7e977b9..60d8412  main -> main
To github.com:butterflyology/theDailyCommit.git
   60d8412..83d9a12  main -> main
warning: in the working copy of 'launchd_daily_commit.err.log', CRLF will be replaced by LF the next time Git touches it
To github.com:butterflyology/theDailyCommit.git
   83d9a12..ed2c3e2  main -> main
To github.com:butterflyology/theDailyCommit.git
   ed2c3e2..c25af61  main -> main
To github.com:butterflyology/theDailyCommit.git
   c25af61..907631d  main -> main
To github.com:butterflyology/theDailyCommit.git
   907631d..b1a4a57  main -> main
To github.com:butterflyology/theDailyCommit.git
   b1a4a57..7d698fc  main -> main
warning: in the working copy of 'launchd_daily_commit.err.log', CRLF will be replaced by LF the next time Git touches it
To github.com:butterflyology/theDailyCommit.git
   7d698fc..b6cee13  main -> main
To github.com:butterflyology/theDailyCommit.git
   b6cee13..0d25721  main -> main
To github.com:butterflyology/theDailyCommit.git
   0d25721..db21d27  main -> main
To github.com:butterflyology/theDailyCommit.git
   db21d27..c767841  main -> main
warning: in the working copy of 'launchd_daily_commit.err.log', CRLF will be replaced by LF the next time Git touches it
To github.com:butterflyology/theDailyCommit.git
   c767841..8ce65a0  main -> main
To github.com:butterflyology/theDailyCommit.git
   8ce65a0..7f84274  main -> main
To github.com:butterflyology/theDailyCommit.git
   7f84274..1a6e3f1  main -> main
To github.com:butterflyology/theDailyCommit.git
   1a6e3f1..b516eb7  main -> main
To github.com:butterflyology/theDailyCommit.git
   b516eb7..695de8e  main -> main
To github.com:butterflyology/theDailyCommit.git
   695de8e..bf9a924  main -> main
To github.com:butterflyology/theDailyCommit.git
   bf9a924..bc32ccf  main -> main
warning: in the working copy of 'launchd_daily_commit.err.log', CRLF will be replaced by LF the next time Git touches it
To github.com:butterflyology/theDailyCommit.git
   bc32ccf..aecfe27  main -> main
To github.com:butterflyology/theDailyCommit.git
   aecfe27..1573787  main -> main
To github.com:butterflyology/theDailyCommit.git
   1573787..01e8df9  main -> main
To github.com:butterflyology/theDailyCommit.git
   01e8df9..3b89f24  main -> main
To github.com:butterflyology/theDailyCommit.git
   3b89f24..e34e873  main -> main
warning: in the working copy of 'launchd_daily_commit.err.log', CRLF will be replaced by LF the next time Git touches it
To github.com:butterflyology/theDailyCommit.git
   e34e873..e53f8e3  main -> main
To github.com:butterflyology/theDailyCommit.git
   e53f8e3..0f43ddc  main -> main
To github.com:butterflyology/theDailyCommit.git
   0f43ddc..9e05711  main -> main
To github.com:butterflyology/theDailyCommit.git
   9e05711..8ffa8a7  main -> main
To github.com:butterflyology/theDailyCommit.git
   8ffa8a7..c03b110  main -> main
warning: in the working copy of 'launchd_daily_commit.err.log', CRLF will be replaced by LF the next time Git touches it
To github.com:butterflyology/theDailyCommit.git
   c03b110..0f5204c  main -> main
To github.com:butterflyology/theDailyCommit.git
   0f5204c..f0908b3  main -> main
To github.com:butterflyology/theDailyCommit.git
   f0908b3..a6786a4  main -> main
To github.com:butterflyology/theDailyCommit.git
   a6786a4..d4e1b16  main -> main
warning: in the working copy of 'launchd_daily_commit.err.log', CRLF will be replaced by LF the next time Git touches it
To github.com:butterflyology/theDailyCommit.git
   d4e1b16..0e0dd96  main -> main
To github.com:butterflyology/theDailyCommit.git
   0e0dd96..bea9353  main -> main
To github.com:butterflyology/theDailyCommit.git
   bea9353..5ff6472  main -> main
To github.com:butterflyology/theDailyCommit.git
   5ff6472..105a6e5  main -> main
To github.com:butterflyology/theDailyCommit.git
   105a6e5..0110346  main -> main
warning: in the working copy of 'launchd_daily_commit.err.log', CRLF will be replaced by LF the next time Git touches it
To github.com:butterflyology/theDailyCommit.git
   0110346..102cfec  main -> main
To github.com:butterflyology/theDailyCommit.git
   102cfec..895b76b  main -> main
To github.com:butterflyology/theDailyCommit.git
   895b76b..eb2ae8d  main -> main
To github.com:butterflyology/theDailyCommit.git
   eb2ae8d..0925f46  main -> main
To github.com:butterflyology/theDailyCommit.git
   0925f46..c743b5a  main -> main
To github.com:butterflyology/theDailyCommit.git
   c743b5a..0219eae  main -> main
warning: in the working copy of 'launchd_daily_commit.err.log', CRLF will be replaced by LF the next time Git touches it
To github.com:butterflyology/theDailyCommit.git
   0219eae..4d6c7d1  main -> main
To github.com:butterflyology/theDailyCommit.git
   4d6c7d1..ae36d40  main -> main
To github.com:butterflyology/theDailyCommit.git
   ae36d40..08c3bc0  main -> main
To github.com:butterflyology/theDailyCommit.git
   08c3bc0..bbb385f  main -> main
warning: in the working copy of 'launchd_daily_commit.err.log', CRLF will be replaced by LF the next time Git touches it
To github.com:butterflyology/theDailyCommit.git
   bbb385f..f53f043  main -> main
To github.com:butterflyology/theDailyCommit.git
   f53f043..dcec83f  main -> main
To github.com:butterflyology/theDailyCommit.git
   dcec83f..e296de5  main -> main
To github.com:butterflyology/theDailyCommit.git
   e296de5..0dc95ec  main -> main
To github.com:butterflyology/theDailyCommit.git
   0dc95ec..361a4ff  main -> main
To github.com:butterflyology/theDailyCommit.git
   361a4ff..eee291c  main -> main
warning: in the working copy of 'launchd_daily_commit.err.log', CRLF will be replaced by LF the next time Git touches it
To github.com:butterflyology/theDailyCommit.git
   eee291c..d62e042  main -> main
To github.com:butterflyology/theDailyCommit.git
   d62e042..1146194  main -> main
To github.com:butterflyology/theDailyCommit.git
   1146194..cb1ec49  main -> main
To github.com:butterflyology/theDailyCommit.git
   cb1ec49..bf2e819  main -> main
To github.com:butterflyology/theDailyCommit.git
   bf2e819..ef51b03  main -> main
To github.com:butterflyology/theDailyCommit.git
   ef51b03..f06a25c  main -> main
warning: in the working copy of 'launchd_daily_commit.err.log', CRLF will be replaced by LF the next time Git touches it
To github.com:butterflyology/theDailyCommit.git
   f06a25c..36a2a1c  main -> main
To github.com:butterflyology/theDailyCommit.git
   36a2a1c..65ed043  main -> main
To github.com:butterflyology/theDailyCommit.git
   65ed043..b2847da  main -> main
To github.com:butterflyology/theDailyCommit.git
   b2847da..c307bd9  main -> main
To github.com:butterflyology/theDailyCommit.git
   c307bd9..0e78163  main -> main
To github.com:butterflyology/theDailyCommit.git
   0e78163..5d317b8  main -> main
warning: in the working copy of 'launchd_daily_commit.err.log', CRLF will be replaced by LF the next time Git touches it
To github.com:butterflyology/theDailyCommit.git
   5d317b8..86662c7  main -> main
To github.com:butterflyology/theDailyCommit.git
   86662c7..e4a99d8  main -> main
To github.com:butterflyology/theDailyCommit.git
   e4a99d8..ee1a62b  main -> main
To github.com:butterflyology/theDailyCommit.git
   ee1a62b..e0a3e61  main -> main
To github.com:butterflyology/theDailyCommit.git
   e0a3e61..f58b78e  main -> main
To github.com:butterflyology/theDailyCommit.git
   f58b78e..2d7a840  main -> main
warning: in the working copy of 'launchd_daily_commit.err.log', CRLF will be replaced by LF the next time Git touches it
To github.com:butterflyology/theDailyCommit.git
   2d7a840..26118fe  main -> main
To github.com:butterflyology/theDailyCommit.git
   26118fe..d4da822  main -> main
To github.com:butterflyology/theDailyCommit.git
   d4da822..84d83d5  main -> main
warning: in the working copy of 'launchd_daily_commit.err.log', CRLF will be replaced by LF the next time Git touches it
To github.com:butterflyology/theDailyCommit.git
   84d83d5..3cdc084  main -> main
To github.com:butterflyology/theDailyCommit.git
   3cdc084..3b99971  main -> main
To github.com:butterflyology/theDailyCommit.git
   3b99971..32dab17  main -> main
To github.com:butterflyology/theDailyCommit.git
   32dab17..dc281f6  main -> main
To github.com:butterflyology/theDailyCommit.git
   dc281f6..a9002cc  main -> main
warning: in the working copy of 'launchd_daily_commit.err.log', CRLF will be replaced by LF the next time Git touches it
To github.com:butterflyology/theDailyCommit.git
   a9002cc..4ef76b6  main -> main
To github.com:butterflyology/theDailyCommit.git
   4ef76b6..52d6eeb  main -> main
To github.com:butterflyology/theDailyCommit.git
   52d6eeb..3c51d18  main -> main
To github.com:butterflyology/theDailyCommit.git
   3c51d18..49c855f  main -> main
To github.com:butterflyology/theDailyCommit.git
   49c855f..9a67843  main -> main
To github.com:butterflyology/theDailyCommit.git
   9a67843..09ea40b  main -> main
warning: in the working copy of 'launchd_daily_commit.err.log', CRLF will be replaced by LF the next time Git touches it
To github.com:butterflyology/theDailyCommit.git
   09ea40b..f2f1312  main -> main
To github.com:butterflyology/theDailyCommit.git
   f2f1312..e6b8163  main -> main
To github.com:butterflyology/theDailyCommit.git
   e6b8163..69a980a  main -> main
To github.com:butterflyology/theDailyCommit.git
   69a980a..b5a3d97  main -> main
warning: in the working copy of 'launchd_daily_commit.err.log', CRLF will be replaced by LF the next time Git touches it
To github.com:butterflyology/theDailyCommit.git
   b5a3d97..ac12a54  main -> main
To github.com:butterflyology/theDailyCommit.git
   ac12a54..ed5f289  main -> main
To github.com:butterflyology/theDailyCommit.git
   ed5f289..ad22d48  main -> main
To github.com:butterflyology/theDailyCommit.git
   ad22d48..dce3ec4  main -> main
