Running script in directory: /Users/Chris/Projects/theDailyCommit
Generating 4 commits today on branch: main
[main 1ee62fb] Daily commit 1
 1 file changed, 1 insertion(+)
 create mode 100644 2025-12-08-10-11-20-1.txt
[main d9183aa] Daily commit 2
 1 file changed, 1 insertion(+)
 create mode 100644 2025-12-08-10-11-24-2.txt
[main 2340919] Daily commit 3
 1 file changed, 1 insertion(+)
 create mode 100644 2025-12-08-10-11-27-3.txt
[main d92fe36] Daily commit 4
 1 file changed, 1 insertion(+)
 create mode 100644 2025-12-08-10-11-30-4.txt
Cleaning up generated files...
Deleted 2025-12-08-10-11-20-1.txt
Deleted 2025-12-08-10-11-24-2.txt
Deleted 2025-12-08-10-11-27-3.txt
Deleted 2025-12-08-10-11-30-4.txt
Daily automation complete.
Running script in directory: /Users/Chris/Projects/theDailyCommit
Generating 3 commits today on branch: main
[main c5f52eb] Daily commit 1
 1 file changed, 1 insertion(+)
 create mode 100644 2025-12-09-07-00-05-1.txt
[main f485960] Daily commit 2
 1 file changed, 1 insertion(+)
 create mode 100644 2025-12-09-07-00-08-2.txt
[main c923a2e] Daily commit 3
 1 file changed, 1 insertion(+)
 create mode 100644 2025-12-09-07-00-10-3.txt
Cleaning up generated files...
Deleted 2025-12-09-07-00-05-1.txt
Deleted 2025-12-09-07-00-08-2.txt
Deleted 2025-12-09-07-00-10-3.txt
Daily automation complete.
Running script in directory: /Users/Chris/Projects/theDailyCommit
Generating 3 commits today on branch: main
[main d8ed536] Daily commit 1
 1 file changed, 1 insertion(+)
 create mode 100644 2025-12-10-07-00-04-1.txt
[main 29016f4] Daily commit 2
 1 file changed, 1 insertion(+)
 create mode 100644 2025-12-10-07-00-07-2.txt
[main 2af61ac] Daily commit 3
 1 file changed, 1 insertion(+)
 create mode 100644 2025-12-10-07-00-10-3.txt
Cleaning up generated files...
Deleted 2025-12-10-07-00-04-1.txt
Deleted 2025-12-10-07-00-07-2.txt
Deleted 2025-12-10-07-00-10-3.txt
Daily automation complete.
Running script in directory: /Users/Chris/Projects/theDailyCommit
Generating 4 commits today on branch: main
[main c9747bb] Daily commit 1
 1 file changed, 1 insertion(+)
 create mode 100644 2025-12-11-07-00-04-1.txt
[main 9e79923] Daily commit 2
 1 file changed, 1 insertion(+)
 create mode 100644 2025-12-11-09-20-06-2.txt
[main 3da1323] Daily commit 3
 1 file changed, 1 insertion(+)
 create mode 100644 2025-12-11-11-40-08-3.txt
[main 8d4fca8] Daily commit 4
 1 file changed, 1 insertion(+)
 create mode 100644 2025-12-11-14-00-10-4.txt
Cleaning up generated files...
Deleted 2025-12-11-07-00-04-1.txt
Deleted 2025-12-11-09-20-06-2.txt
Deleted 2025-12-11-11-40-08-3.txt
Deleted 2025-12-11-14-00-10-4.txt
Daily automation complete.
Running script in directory: /Users/Chris/Projects/theDailyCommit
Generating 4 commits today on branch: main
[main dfe6e93] Daily commit 1
 1 file changed, 1 insertion(+)
 create mode 100644 2025-12-12-07-00-00-1.txt
[main d6cb3f8] Daily commit 2
 1 file changed, 1 insertion(+)
 create mode 100644 2025-12-12-09-20-01-2.txt
[main cbc1b89] Daily commit 3
 1 file changed, 1 insertion(+)
 create mode 100644 2025-12-12-10-30-29-3.txt
[main 2a09e77] Daily commit 4
 1 file changed, 1 insertion(+)
 create mode 100644 2025-12-12-10-30-32-4.txt
Cleaning up generated files...
Deleted 2025-12-12-07-00-00-1.txt
Deleted 2025-12-12-09-20-01-2.txt
Deleted 2025-12-12-10-30-29-3.txt
Deleted 2025-12-12-10-30-32-4.txt
Daily automation complete.
Running script in directory: /Users/Chris/Projects/theDailyCommit
Generating 2 commits today on branch: main
[main 8d659c3] Daily commit 1
 1 file changed, 1 insertion(+)
 create mode 100644 2025-12-13-07-00-05-1.txt
[main 334176a] Daily commit 2
 1 file changed, 1 insertion(+)
 create mode 100644 2025-12-13-07-00-08-2.txt
Cleaning up generated files...
Deleted 2025-12-13-07-00-05-1.txt
Deleted 2025-12-13-07-00-08-2.txt
Daily automation complete.
Running script in directory: /Users/Chris/Projects/theDailyCommit
Generating 3 commits today on branch: main
[main f19ccc4] Daily commit 1
 1 file changed, 1 insertion(+)
 create mode 100644 2025-12-14-07-00-04-1.txt
[main da4e944] Daily commit 2
 1 file changed, 1 insertion(+)
 create mode 100644 2025-12-14-07-00-07-2.txt
[main 09e6456] Daily commit 3
 1 file changed, 1 insertion(+)
 create mode 100644 2025-12-14-07-00-09-3.txt
Cleaning up generated files...
Deleted 2025-12-14-07-00-04-1.txt
Deleted 2025-12-14-07-00-07-2.txt
Deleted 2025-12-14-07-00-09-3.txt
Daily automation complete.
Running script in directory: /Users/Chris/Projects/theDailyCommit
Generating 15 commits today on branch: main
[main 49fe364] Daily commit 1
 1 file changed, 1 insertion(+)
 create mode 100644 2025-12-15-07-00-04-1.txt
[main e8e29c8] Daily commit 2
 1 file changed, 1 insertion(+)
 create mode 100644 2025-12-15-07-00-07-2.txt
[main 765abbc] Daily commit 3
 1 file changed, 1 insertion(+)
 create mode 100644 2025-12-15-07-00-09-3.txt
[main 14313e9] Daily commit 4
 1 file changed, 1 insertion(+)
 create mode 100644 2025-12-15-07-00-12-4.txt
[main 911870c] Daily commit 5
 1 file changed, 1 insertion(+)
 create mode 100644 2025-12-15-07-00-15-5.txt
[main 880702a] Daily commit 6
 1 file changed, 1 insertion(+)
 create mode 100644 2025-12-15-07-00-17-6.txt
[main 7349a2c] Daily commit 7
 1 file changed, 1 insertion(+)
 create mode 100644 2025-12-15-07-00-20-7.txt
[main 2f1a8b0] Daily commit 8
 1 file changed, 1 insertion(+)
 create mode 100644 2025-12-15-07-00-22-8.txt
[main de54700] Daily commit 9
 1 file changed, 1 insertion(+)
 create mode 100644 2025-12-15-07-00-25-9.txt
[main 1f9bbdc] Daily commit 10
 1 file changed, 1 insertion(+)
 create mode 100644 2025-12-15-07-00-27-10.txt
[main b365d44] Daily commit 11
 1 file changed, 1 insertion(+)
 create mode 100644 2025-12-15-07-00-30-11.txt
[main eb773e8] Daily commit 12
 1 file changed, 1 insertion(+)
 create mode 100644 2025-12-15-07-00-33-12.txt
[main 794bc62] Daily commit 13
 1 file changed, 1 insertion(+)
 create mode 100644 2025-12-15-07-00-35-13.txt
[main 5750a45] Daily commit 14
 1 file changed, 1 insertion(+)
 create mode 100644 2025-12-15-07-00-38-14.txt
[main ed6c76f] Daily commit 15
 1 file changed, 1 insertion(+)
 create mode 100644 2025-12-15-07-00-41-15.txt
Cleaning up generated files...
Deleted 2025-12-15-07-00-04-1.txt
Deleted 2025-12-15-07-00-07-2.txt
Deleted 2025-12-15-07-00-09-3.txt
Deleted 2025-12-15-07-00-12-4.txt
Deleted 2025-12-15-07-00-15-5.txt
Deleted 2025-12-15-07-00-17-6.txt
Deleted 2025-12-15-07-00-20-7.txt
Deleted 2025-12-15-07-00-22-8.txt
Deleted 2025-12-15-07-00-25-9.txt
Deleted 2025-12-15-07-00-27-10.txt
Deleted 2025-12-15-07-00-30-11.txt
Deleted 2025-12-15-07-00-33-12.txt
Deleted 2025-12-15-07-00-35-13.txt
Deleted 2025-12-15-07-00-38-14.txt
Deleted 2025-12-15-07-00-41-15.txt
Daily automation complete.
Running script in directory: /Users/Chris/Projects/theDailyCommit
Generating 2 commits today on branch: main
[main 4a61cbb] Daily commit 1
 1 file changed, 1 insertion(+)
 create mode 100644 2025-12-16-07-00-05-1.txt
[main 53baa40] Daily commit 2
 1 file changed, 1 insertion(+)
 create mode 100644 2025-12-16-07-00-08-2.txt
Cleaning up generated files...
Deleted 2025-12-16-07-00-05-1.txt
Deleted 2025-12-16-07-00-08-2.txt
Daily automation complete.
Running script in directory: /Users/Chris/Projects/theDailyCommit
Generating 2 commits today on branch: main
[main 2b9d469] Daily commit 1
 1 file changed, 1 insertion(+)
 create mode 100644 2025-12-17-07-00-05-1.txt
[main c47a31c] Daily commit 2
 1 file changed, 1 insertion(+)
 create mode 100644 2025-12-17-07-00-08-2.txt
Cleaning up generated files...
Deleted 2025-12-17-07-00-05-1.txt
Deleted 2025-12-17-07-00-08-2.txt
Daily automation complete.
Running script in directory: /Users/Chris/Projects/theDailyCommit
Generating 4 commits today on branch: main
[main 1e82852] Daily commit 1
 1 file changed, 1 insertion(+)
 create mode 100644 2025-12-18-07-00-05-1.txt
[main efc758f] Daily commit 2
 1 file changed, 1 insertion(+)
 create mode 100644 2025-12-18-07-00-08-2.txt
[main 3af1915] Daily commit 3
 1 file changed, 1 insertion(+)
 create mode 100644 2025-12-18-07-00-11-3.txt
[main 380427e] Daily commit 4
 1 file changed, 1 insertion(+)
 create mode 100644 2025-12-18-07-00-13-4.txt
Cleaning up generated files...
Deleted 2025-12-18-07-00-05-1.txt
Deleted 2025-12-18-07-00-08-2.txt
Deleted 2025-12-18-07-00-11-3.txt
Deleted 2025-12-18-07-00-13-4.txt
Daily automation complete.
Running script in directory: /Users/Chris/Projects/theDailyCommit
Generating 8 commits today on branch: main
[main e7cf861] Daily commit 1
 1 file changed, 1 insertion(+)
 create mode 100644 2025-12-19-07-00-05-1.txt
[main 1f84c53] Daily commit 2
 1 file changed, 1 insertion(+)
 create mode 100644 2025-12-19-07-00-07-2.txt
[main a6e4719] Daily commit 3
 1 file changed, 1 insertion(+)
 create mode 100644 2025-12-19-07-00-10-3.txt
[main ec88d4f] Daily commit 4
 1 file changed, 1 insertion(+)
 create mode 100644 2025-12-19-07-00-12-4.txt
[main 36378e4] Daily commit 5
 1 file changed, 1 insertion(+)
 create mode 100644 2025-12-19-07-00-15-5.txt
[main 8f5708a] Daily commit 6
 1 file changed, 1 insertion(+)
 create mode 100644 2025-12-19-07-00-17-6.txt
[main 56f4406] Daily commit 7
 1 file changed, 1 insertion(+)
 create mode 100644 2025-12-19-07-00-20-7.txt
[main 33b34a8] Daily commit 8
 1 file changed, 1 insertion(+)
 create mode 100644 2025-12-19-07-00-22-8.txt
Cleaning up generated files...
Deleted 2025-12-19-07-00-05-1.txt
Deleted 2025-12-19-07-00-07-2.txt
Deleted 2025-12-19-07-00-10-3.txt
Deleted 2025-12-19-07-00-12-4.txt
Deleted 2025-12-19-07-00-15-5.txt
Deleted 2025-12-19-07-00-17-6.txt
Deleted 2025-12-19-07-00-20-7.txt
Deleted 2025-12-19-07-00-22-8.txt
Daily automation complete.
Running script in directory: /Users/Chris/Projects/theDailyCommit
Generating 1 commits today on branch: main
[main 8174a08] Daily commit 1
 1 file changed, 1 insertion(+)
 create mode 100644 2025-12-20-07-00-05-1.txt
Cleaning up generated files...
Deleted 2025-12-20-07-00-05-1.txt
Daily automation complete.
Running script in directory: /Users/Chris/Projects/theDailyCommit
Generating 4 commits today on branch: main
[main 6fbad4d] Daily commit 1
 1 file changed, 1 insertion(+)
 create mode 100644 2025-12-21-07-00-05-1.txt
[main 715f723] Daily commit 2
 1 file changed, 1 insertion(+)
 create mode 100644 2025-12-21-07-00-08-2.txt
[main 75b7b56] Daily commit 3
 1 file changed, 1 insertion(+)
 create mode 100644 2025-12-21-07-00-11-3.txt
[main 4afcb97] Daily commit 4
 1 file changed, 1 insertion(+)
 create mode 100644 2025-12-21-07-00-13-4.txt
Cleaning up generated files...
Deleted 2025-12-21-07-00-05-1.txt
Deleted 2025-12-21-07-00-08-2.txt
Deleted 2025-12-21-07-00-11-3.txt
Deleted 2025-12-21-07-00-13-4.txt
Daily automation complete.
Running script in directory: /Users/Chris/Projects/theDailyCommit
Generating 3 commits today on branch: main
[main e9800ab] Daily commit 1
 1 file changed, 1 insertion(+)
 create mode 100644 2025-12-22-07-00-05-1.txt
[main f044090] Daily commit 2
 1 file changed, 1 insertion(+)
 create mode 100644 2025-12-22-07-00-08-2.txt
[main 40aaa21] Daily commit 3
 1 file changed, 1 insertion(+)
 create mode 100644 2025-12-22-07-00-11-3.txt
Cleaning up generated files...
Deleted 2025-12-22-07-00-05-1.txt
Deleted 2025-12-22-07-00-08-2.txt
Deleted 2025-12-22-07-00-11-3.txt
Daily automation complete.
Running script in directory: /Users/Chris/Projects/theDailyCommit
Generating 3 commits today on branch: main
[main 984b529] Daily commit 1
 1 file changed, 1 insertion(+)
 create mode 100644 2025-12-23-07-33-13-1.txt
[main 8276bdd] Daily commit 2
 1 file changed, 1 insertion(+)
 create mode 100644 2025-12-23-07-33-16-2.txt
[main 32891bb] Daily commit 3
 1 file changed, 1 insertion(+)
 create mode 100644 2025-12-23-07-33-19-3.txt
Cleaning up generated files...
Deleted 2025-12-23-07-33-13-1.txt
Deleted 2025-12-23-07-33-16-2.txt
Deleted 2025-12-23-07-33-19-3.txt
Daily automation complete.
Running script in directory: /Users/Chris/Projects/theDailyCommit
Generating 11 commits today on branch: main
[main 08d76c4] Daily commit 1
 1 file changed, 1 insertion(+)
 create mode 100644 2025-12-24-07-00-05-1.txt
[main 97fb2b7] Daily commit 2
 1 file changed, 1 insertion(+)
 create mode 100644 2025-12-24-07-00-08-2.txt
[main 622a0ac] Daily commit 3
 1 file changed, 1 insertion(+)
 create mode 100644 2025-12-24-07-00-10-3.txt
[main d9e8553] Daily commit 4
 1 file changed, 1 insertion(+)
 create mode 100644 2025-12-24-07-00-13-4.txt
[main e225009] Daily commit 5
 1 file changed, 1 insertion(+)
 create mode 100644 2025-12-24-07-00-15-5.txt
[main e41a1ab] Daily commit 6
 1 file changed, 1 insertion(+)
 create mode 100644 2025-12-24-07-00-18-6.txt
[main 324d4b1] Daily commit 7
 1 file changed, 1 insertion(+)
 create mode 100644 2025-12-24-07-00-21-7.txt
[main 0a05f75] Daily commit 8
 1 file changed, 1 insertion(+)
 create mode 100644 2025-12-24-07-00-24-8.txt
[main 4e7cec4] Daily commit 9
 1 file changed, 1 insertion(+)
 create mode 100644 2025-12-24-07-00-26-9.txt
[main 48d5d5a] Daily commit 10
 1 file changed, 1 insertion(+)
 create mode 100644 2025-12-24-07-00-28-10.txt
[main 3248c0b] Daily commit 11
 1 file changed, 1 insertion(+)
 create mode 100644 2025-12-24-07-00-31-11.txt
Cleaning up generated files...
Deleted 2025-12-24-07-00-05-1.txt
Deleted 2025-12-24-07-00-08-2.txt
Deleted 2025-12-24-07-00-10-3.txt
Deleted 2025-12-24-07-00-13-4.txt
Deleted 2025-12-24-07-00-15-5.txt
Deleted 2025-12-24-07-00-18-6.txt
Deleted 2025-12-24-07-00-21-7.txt
Deleted 2025-12-24-07-00-24-8.txt
Deleted 2025-12-24-07-00-26-9.txt
Deleted 2025-12-24-07-00-28-10.txt
Deleted 2025-12-24-07-00-31-11.txt
Daily automation complete.
Running script in directory: /Users/Chris/Projects/theDailyCommit
Generating 4 commits today on branch: main
[main 9e6b0a3] Daily commit 1
 1 file changed, 1 insertion(+)
 create mode 100644 2025-12-25-07-00-05-1.txt
[main 1ea6d1b] Daily commit 2
 1 file changed, 1 insertion(+)
 create mode 100644 2025-12-25-07-00-08-2.txt
[main 213fd0d] Daily commit 3
 1 file changed, 1 insertion(+)
 create mode 100644 2025-12-25-07-00-10-3.txt
[main 26989f5] Daily commit 4
 1 file changed, 1 insertion(+)
 create mode 100644 2025-12-25-07-00-13-4.txt
Cleaning up generated files...
Deleted 2025-12-25-07-00-05-1.txt
Deleted 2025-12-25-07-00-08-2.txt
Deleted 2025-12-25-07-00-10-3.txt
Deleted 2025-12-25-07-00-13-4.txt
Daily automation complete.
Running script in directory: /Users/Chris/Projects/theDailyCommit
Generating 4 commits today on branch: main
[main 01e46eb] Daily commit 1
 1 file changed, 1 insertion(+)
 create mode 100644 2025-12-26-07-00-04-1.txt
[main be4ca16] Daily commit 2
 1 file changed, 1 insertion(+)
 create mode 100644 2025-12-26-07-00-07-2.txt
[main 324c818] Daily commit 3
 1 file changed, 1 insertion(+)
 create mode 100644 2025-12-26-07-00-10-3.txt
[main bd2fed6] Daily commit 4
 1 file changed, 1 insertion(+)
 create mode 100644 2025-12-26-07-00-12-4.txt
Cleaning up generated files...
Deleted 2025-12-26-07-00-04-1.txt
Deleted 2025-12-26-07-00-07-2.txt
Deleted 2025-12-26-07-00-10-3.txt
Deleted 2025-12-26-07-00-12-4.txt
Daily automation complete.
Running script in directory: /Users/Chris/Projects/theDailyCommit
Generating 1 commits today on branch: main
[main c14141c] Daily commit 1
 1 file changed, 1 insertion(+)
 create mode 100644 2025-12-27-07-00-05-1.txt
Cleaning up generated files...
Deleted 2025-12-27-07-00-05-1.txt
Daily automation complete.
Running script in directory: /Users/Chris/Projects/theDailyCommit
Generating 4 commits today on branch: main
[main c0e81cf] Daily commit 1
 1 file changed, 1 insertion(+)
 create mode 100644 2025-12-28-07-52-37-1.txt
[main 2a68ac9] Daily commit 2
 1 file changed, 1 insertion(+)
 create mode 100644 2025-12-28-07-52-40-2.txt
[main d46e14e] Daily commit 3
 1 file changed, 1 insertion(+)
 create mode 100644 2025-12-28-07-52-42-3.txt
[main 526e513] Daily commit 4
 1 file changed, 1 insertion(+)
 create mode 100644 2025-12-28-07-52-45-4.txt
Cleaning up generated files...
Deleted 2025-12-28-07-52-37-1.txt
Deleted 2025-12-28-07-52-40-2.txt
Deleted 2025-12-28-07-52-42-3.txt
Deleted 2025-12-28-07-52-45-4.txt
Daily automation complete.
Running script in directory: /Users/Chris/Projects/theDailyCommit
Generating 2 commits today on branch: main
[main affe6ea] Daily commit 1
 1 file changed, 1 insertion(+)
 create mode 100644 2025-12-29-07-00-04-1.txt
[main f20289e] Daily commit 2
 1 file changed, 1 insertion(+)
 create mode 100644 2025-12-29-07-00-07-2.txt
Cleaning up generated files...
Deleted 2025-12-29-07-00-04-1.txt
Deleted 2025-12-29-07-00-07-2.txt
Daily automation complete.
Running script in directory: /Users/Chris/Projects/theDailyCommit
Generating 3 commits today on branch: main
[main 04feb6d] Daily commit 1
 1 file changed, 1 insertion(+)
 create mode 100644 2025-12-30-07-00-07-1.txt
[main 6bd304f] Daily commit 2
 1 file changed, 1 insertion(+)
 create mode 100644 2025-12-30-07-00-10-2.txt
[main 6c1ae19] Daily commit 3
 1 file changed, 1 insertion(+)
 create mode 100644 2025-12-30-07-00-13-3.txt
Cleaning up generated files...
Deleted 2025-12-30-07-00-07-1.txt
Deleted 2025-12-30-07-00-10-2.txt
Deleted 2025-12-30-07-00-13-3.txt
Daily automation complete.
Running script in directory: /Users/Chris/Projects/theDailyCommit
Generating 4 commits today on branch: main
[main 566a153] Daily commit 1
 1 file changed, 1 insertion(+)
 create mode 100644 2025-12-31-07-00-05-1.txt
[main f9f593a] Daily commit 2
 1 file changed, 1 insertion(+)
 create mode 100644 2025-12-31-07-00-08-2.txt
[main 1188ae8] Daily commit 3
 1 file changed, 1 insertion(+)
 create mode 100644 2025-12-31-07-00-11-3.txt
[main 252b11d] Daily commit 4
 1 file changed, 1 insertion(+)
 create mode 100644 2025-12-31-07-00-13-4.txt
Cleaning up generated files...
Deleted 2025-12-31-07-00-05-1.txt
Deleted 2025-12-31-07-00-08-2.txt
Deleted 2025-12-31-07-00-11-3.txt
Deleted 2025-12-31-07-00-13-4.txt
Daily automation complete.
Running script in directory: /Users/Chris/Projects/theDailyCommit
Generating 5 commits today on branch: main
[main af3afc7] Daily commit 1
 1 file changed, 1 insertion(+)
 create mode 100644 2026-01-01-07-00-04-1.txt
[main cb45503] Daily commit 2
 1 file changed, 1 insertion(+)
 create mode 100644 2026-01-01-07-00-07-2.txt
[main b4095a8] Daily commit 3
 1 file changed, 1 insertion(+)
 create mode 100644 2026-01-01-07-00-10-3.txt
[main 95f33ea] Daily commit 4
 1 file changed, 1 insertion(+)
 create mode 100644 2026-01-01-07-00-12-4.txt
[main f21e91e] Daily commit 5
 1 file changed, 1 insertion(+)
 create mode 100644 2026-01-01-07-00-15-5.txt
Cleaning up generated files...
Deleted 2026-01-01-07-00-04-1.txt
Deleted 2026-01-01-07-00-07-2.txt
Deleted 2026-01-01-07-00-10-3.txt
Deleted 2026-01-01-07-00-12-4.txt
Deleted 2026-01-01-07-00-15-5.txt
Daily automation complete.
Running script in directory: /Users/Chris/Projects/theDailyCommit
Generating 6 commits today on branch: main
[main d9ac82c] Daily commit 1
 1 file changed, 1 insertion(+)
 create mode 100644 2026-01-02-07-00-00-1.txt
[main 9c6599a] Daily commit 2
 1 file changed, 1 insertion(+)
 create mode 100644 2026-01-02-07-00-03-2.txt
[main aedb36c] Daily commit 3
 1 file changed, 1 insertion(+)
 create mode 100644 2026-01-02-07-00-05-3.txt
[main 7b051c4] Daily commit 4
 1 file changed, 1 insertion(+)
 create mode 100644 2026-01-02-07-00-08-4.txt
[main bcde2f0] Daily commit 5
 1 file changed, 1 insertion(+)
 create mode 100644 2026-01-02-07-00-11-5.txt
[main 487a600] Daily commit 6
 1 file changed, 1 insertion(+)
 create mode 100644 2026-01-02-07-00-14-6.txt
Cleaning up generated files...
Deleted 2026-01-02-07-00-00-1.txt
Deleted 2026-01-02-07-00-03-2.txt
Deleted 2026-01-02-07-00-05-3.txt
Deleted 2026-01-02-07-00-08-4.txt
Deleted 2026-01-02-07-00-11-5.txt
Deleted 2026-01-02-07-00-14-6.txt
Daily automation complete.
Running script in directory: /Users/Chris/Projects/theDailyCommit
Generating 3 commits today on branch: main
[main c6e5be5] Daily commit 1
 1 file changed, 1 insertion(+)
 create mode 100644 2026-01-03-07-00-05-1.txt
[main 0209142] Daily commit 2
 1 file changed, 1 insertion(+)
 create mode 100644 2026-01-03-07-00-07-2.txt
[main 7ec693b] Daily commit 3
 1 file changed, 1 insertion(+)
 create mode 100644 2026-01-03-07-00-10-3.txt
Cleaning up generated files...
Deleted 2026-01-03-07-00-05-1.txt
Deleted 2026-01-03-07-00-07-2.txt
Deleted 2026-01-03-07-00-10-3.txt
Daily automation complete.
Running script in directory: /Users/Chris/Projects/theDailyCommit
Generating 3 commits today on branch: main
[main f5f7c47] Daily commit 1
 1 file changed, 1 insertion(+)
 create mode 100644 2026-01-04-07-00-04-1.txt
[main aaa6bbf] Daily commit 2
 1 file changed, 1 insertion(+)
 create mode 100644 2026-01-04-07-00-06-2.txt
[main 540b92d] Daily commit 3
 1 file changed, 1 insertion(+)
 create mode 100644 2026-01-04-07-00-09-3.txt
Cleaning up generated files...
Deleted 2026-01-04-07-00-04-1.txt
Deleted 2026-01-04-07-00-06-2.txt
Deleted 2026-01-04-07-00-09-3.txt
Daily automation complete.
Running script in directory: /Users/Chris/Projects/theDailyCommit
Generating 6 commits today on branch: main
[main 117962f] Daily commit 1
 1 file changed, 1 insertion(+)
 create mode 100644 2026-01-05-07-00-05-1.txt
[main d0fbaff] Daily commit 2
 1 file changed, 1 insertion(+)
 create mode 100644 2026-01-05-07-00-08-2.txt
[main f26cee0] Daily commit 3
 1 file changed, 1 insertion(+)
 create mode 100644 2026-01-05-07-00-11-3.txt
[main 542a2d8] Daily commit 4
 1 file changed, 1 insertion(+)
 create mode 100644 2026-01-05-07-00-13-4.txt
[main 1b6f237] Daily commit 5
 1 file changed, 1 insertion(+)
 create mode 100644 2026-01-05-07-00-16-5.txt
[main 9c58c10] Daily commit 6
 1 file changed, 1 insertion(+)
 create mode 100644 2026-01-05-07-00-19-6.txt
Cleaning up generated files...
Deleted 2026-01-05-07-00-05-1.txt
Deleted 2026-01-05-07-00-08-2.txt
Deleted 2026-01-05-07-00-11-3.txt
Deleted 2026-01-05-07-00-13-4.txt
Deleted 2026-01-05-07-00-16-5.txt
Deleted 2026-01-05-07-00-19-6.txt
Daily automation complete.
Running script in directory: /Users/Chris/Projects/theDailyCommit
Generating 9 commits today on branch: main
[main 3969a35] Daily commit 1
 1 file changed, 1 insertion(+)
 create mode 100644 2026-01-06-07-29-48-1.txt
[main ee8c528] Daily commit 2
 1 file changed, 1 insertion(+)
 create mode 100644 2026-01-06-07-29-50-2.txt
[main 97cc96a] Daily commit 3
 1 file changed, 1 insertion(+)
 create mode 100644 2026-01-06-07-29-51-3.txt
[main 8a82fd6] Daily commit 4
 1 file changed, 1 insertion(+)
 create mode 100644 2026-01-06-07-29-52-4.txt
[main 294e063] Daily commit 5
 1 file changed, 1 insertion(+)
 create mode 100644 2026-01-06-07-29-53-5.txt
[main 8a06def] Daily commit 6
 1 file changed, 1 insertion(+)
 create mode 100644 2026-01-06-07-29-55-6.txt
[main cd00b57] Daily commit 7
 1 file changed, 1 insertion(+)
 create mode 100644 2026-01-06-07-29-56-7.txt
[main b6af637] Daily commit 8
 1 file changed, 1 insertion(+)
 create mode 100644 2026-01-06-07-29-57-8.txt
[main 5ab4ab7] Daily commit 9
 1 file changed, 1 insertion(+)
 create mode 100644 2026-01-06-07-29-58-9.txt
Cleaning up generated files...
Deleted 2026-01-06-07-29-48-1.txt
Deleted 2026-01-06-07-29-50-2.txt
Deleted 2026-01-06-07-29-51-3.txt
Deleted 2026-01-06-07-29-52-4.txt
Deleted 2026-01-06-07-29-53-5.txt
Deleted 2026-01-06-07-29-55-6.txt
Deleted 2026-01-06-07-29-56-7.txt
Deleted 2026-01-06-07-29-57-8.txt
Deleted 2026-01-06-07-29-58-9.txt
Daily automation complete.
Running script in directory: /Users/Chris/Projects/theDailyCommit
Generating 7 commits today on branch: main
[main 5517729] Daily commit 1
 1 file changed, 1 insertion(+)
 create mode 100644 2026-01-07-16-00-05-1.txt
[main f397dec] Daily commit 2
 1 file changed, 1 insertion(+)
 create mode 100644 2026-01-07-16-00-10-2.txt
[main 68d1495] Daily commit 3
 1 file changed, 1 insertion(+)
 create mode 100644 2026-01-07-16-00-15-3.txt
[main 6441e38] Daily commit 4
 1 file changed, 1 insertion(+)
 create mode 100644 2026-01-07-16-00-19-4.txt
[main 88753a8] Daily commit 5
 1 file changed, 1 insertion(+)
 create mode 100644 2026-01-07-16-00-24-5.txt
[main 7e8ce5b] Daily commit 6
 1 file changed, 1 insertion(+)
 create mode 100644 2026-01-07-16-00-28-6.txt
[main 037a286] Daily commit 7
 1 file changed, 1 insertion(+)
 create mode 100644 2026-01-07-16-00-33-7.txt
Cleaning up generated files...
Deleted 2026-01-07-16-00-05-1.txt
Deleted 2026-01-07-16-00-10-2.txt
Deleted 2026-01-07-16-00-15-3.txt
Deleted 2026-01-07-16-00-19-4.txt
Deleted 2026-01-07-16-00-24-5.txt
Deleted 2026-01-07-16-00-28-6.txt
Deleted 2026-01-07-16-00-33-7.txt
Daily automation complete.
Running script in directory: /Users/Chris/Projects/theDailyCommit
Generating 1 commits today on branch: main
[main 9a99ebb] Daily commit 1
 1 file changed, 1 insertion(+)
 create mode 100644 2026-01-08-16-00-03-1.txt
Cleaning up generated files...
Deleted 2026-01-08-16-00-03-1.txt
Daily automation complete.
Running script in directory: /Users/Chris/Projects/theDailyCommit
Generating 4 commits today on branch: main
[main ce72656] Daily commit 1
 1 file changed, 1 insertion(+)
 create mode 100644 2026-01-09-16-31-07-1.txt
[main f51314d] Daily commit 2
 1 file changed, 1 insertion(+)
 create mode 100644 2026-01-09-16-31-08-2.txt
[main f28f742] Daily commit 3
 1 file changed, 1 insertion(+)
 create mode 100644 2026-01-09-16-31-09-3.txt
[main 8d1b1c1] Daily commit 4
 1 file changed, 1 insertion(+)
 create mode 100644 2026-01-09-16-31-11-4.txt
Cleaning up generated files...
Deleted 2026-01-09-16-31-07-1.txt
Deleted 2026-01-09-16-31-08-2.txt
Deleted 2026-01-09-16-31-09-3.txt
Deleted 2026-01-09-16-31-11-4.txt
Daily automation complete.
Running script in directory: /Users/Chris/Projects/theDailyCommit
Generating 2 commits today on branch: main
[main ba403de] Daily commit 1
 1 file changed, 1 insertion(+)
 create mode 100644 2026-01-10-07-08-43-1.txt
[main ad811f5] Daily commit 2
 1 file changed, 1 insertion(+)
 create mode 100644 2026-01-10-07-08-45-2.txt
Cleaning up generated files...
Deleted 2026-01-10-07-08-43-1.txt
Deleted 2026-01-10-07-08-45-2.txt
Daily automation complete.
Running script in directory: /Users/Chris/Projects/theDailyCommit
Generating 3 commits today on branch: main
[main 911fb49] Daily commit 1
 1 file changed, 1 insertion(+)
 create mode 100644 2026-01-11-07-00-05-1.txt
[main 393bd18] Daily commit 2
 1 file changed, 1 insertion(+)
 create mode 100644 2026-01-11-07-00-08-2.txt
[main 885135b] Daily commit 3
 1 file changed, 1 insertion(+)
 create mode 100644 2026-01-11-07-00-11-3.txt
Cleaning up generated files...
Deleted 2026-01-11-07-00-05-1.txt
Deleted 2026-01-11-07-00-08-2.txt
Deleted 2026-01-11-07-00-11-3.txt
Daily automation complete.
Running script in directory: /Users/Chris/Projects/theDailyCommit
Generating 14 commits today on branch: main
[main 3c33813] Daily commit 1
 1 file changed, 1 insertion(+)
 create mode 100644 2026-01-12-07-00-04-1.txt
[main 5e6135c] Daily commit 2
 1 file changed, 1 insertion(+)
 create mode 100644 2026-01-12-07-00-07-2.txt
[main ae90feb] Daily commit 3
 1 file changed, 1 insertion(+)
 create mode 100644 2026-01-12-07-00-10-3.txt
[main 83836f3] Daily commit 4
 1 file changed, 1 insertion(+)
 create mode 100644 2026-01-12-07-00-12-4.txt
[main 0d431a6] Daily commit 5
 1 file changed, 1 insertion(+)
 create mode 100644 2026-01-12-07-00-15-5.txt
[main 93cf4ef] Daily commit 6
 1 file changed, 1 insertion(+)
 create mode 100644 2026-01-12-07-00-18-6.txt
[main 65abe90] Daily commit 7
 1 file changed, 1 insertion(+)
 create mode 100644 2026-01-12-07-00-21-7.txt
[main ef20d8a] Daily commit 8
 1 file changed, 1 insertion(+)
 create mode 100644 2026-01-12-07-00-23-8.txt
[main 5aee22a] Daily commit 9
 1 file changed, 1 insertion(+)
 create mode 100644 2026-01-12-07-00-26-9.txt
[main d387266] Daily commit 10
 1 file changed, 1 insertion(+)
 create mode 100644 2026-01-12-07-00-29-10.txt
[main 94b503a] Daily commit 11
 1 file changed, 1 insertion(+)
 create mode 100644 2026-01-12-07-00-33-11.txt
[main 87e8ea5] Daily commit 12
 1 file changed, 1 insertion(+)
 create mode 100644 2026-01-12-07-00-36-12.txt
[main db86f88] Daily commit 13
 1 file changed, 1 insertion(+)
 create mode 100644 2026-01-12-07-00-39-13.txt
[main 82c2bdd] Daily commit 14
 1 file changed, 1 insertion(+)
 create mode 100644 2026-01-12-07-00-41-14.txt
Cleaning up generated files...
Deleted 2026-01-12-07-00-04-1.txt
Deleted 2026-01-12-07-00-07-2.txt
Deleted 2026-01-12-07-00-10-3.txt
Deleted 2026-01-12-07-00-12-4.txt
Deleted 2026-01-12-07-00-15-5.txt
Deleted 2026-01-12-07-00-18-6.txt
Deleted 2026-01-12-07-00-21-7.txt
Deleted 2026-01-12-07-00-23-8.txt
Deleted 2026-01-12-07-00-26-9.txt
Deleted 2026-01-12-07-00-29-10.txt
Deleted 2026-01-12-07-00-33-11.txt
Deleted 2026-01-12-07-00-36-12.txt
Deleted 2026-01-12-07-00-39-13.txt
Deleted 2026-01-12-07-00-41-14.txt
Daily automation complete.
Running script in directory: /Users/Chris/Projects/theDailyCommit
Generating 3 commits today on branch: main
[main 22fc4d7] Daily commit 1
 1 file changed, 1 insertion(+)
 create mode 100644 2026-01-13-07-00-05-1.txt
[main 9d863a7] Daily commit 2
 1 file changed, 1 insertion(+)
 create mode 100644 2026-01-13-07-00-08-2.txt
[main 744a774] Daily commit 3
 1 file changed, 1 insertion(+)
 create mode 100644 2026-01-13-07-00-10-3.txt
Cleaning up generated files...
Deleted 2026-01-13-07-00-05-1.txt
Deleted 2026-01-13-07-00-08-2.txt
Deleted 2026-01-13-07-00-10-3.txt
Daily automation complete.
Running script in directory: /Users/Chris/Projects/theDailyCommit
Generating 3 commits today on branch: main
[main 59883e4] Daily commit 1
 1 file changed, 1 insertion(+)
 create mode 100644 2026-01-14-07-00-05-1.txt
[main 11a5a07] Daily commit 2
 1 file changed, 1 insertion(+)
 create mode 100644 2026-01-14-07-00-09-2.txt
[main 3a33c7b] Daily commit 3
 1 file changed, 1 insertion(+)
 create mode 100644 2026-01-14-07-00-11-3.txt
Cleaning up generated files...
Deleted 2026-01-14-07-00-05-1.txt
Deleted 2026-01-14-07-00-09-2.txt
Deleted 2026-01-14-07-00-11-3.txt
Daily automation complete.
Running script in directory: /Users/Chris/Projects/theDailyCommit
Generating 4 commits today on branch: main
[main 501a5dd] Daily commit 1
 1 file changed, 1 insertion(+)
 create mode 100644 2026-01-15-07-00-05-1.txt
[main c2f6dc9] Daily commit 2
 1 file changed, 1 insertion(+)
 create mode 100644 2026-01-15-07-00-08-2.txt
[main f7a5941] Daily commit 3
 1 file changed, 1 insertion(+)
 create mode 100644 2026-01-15-07-00-11-3.txt
[main 638ccc4] Daily commit 4
 1 file changed, 1 insertion(+)
 create mode 100644 2026-01-15-07-00-14-4.txt
Cleaning up generated files...
Deleted 2026-01-15-07-00-05-1.txt
Deleted 2026-01-15-07-00-08-2.txt
Deleted 2026-01-15-07-00-11-3.txt
Deleted 2026-01-15-07-00-14-4.txt
Daily automation complete.
Running script in directory: /Users/Chris/Projects/theDailyCommit
Generating 4 commits today on branch: main
[main 4d421e7] Daily commit 1
 1 file changed, 1 insertion(+)
 create mode 100644 2026-01-16-07-00-05-1.txt
[main 41e9826] Daily commit 2
 1 file changed, 1 insertion(+)
 create mode 100644 2026-01-16-07-00-08-2.txt
[main fc44427] Daily commit 3
 1 file changed, 1 insertion(+)
 create mode 100644 2026-01-16-07-00-10-3.txt
[main c17a3d3] Daily commit 4
 1 file changed, 1 insertion(+)
 create mode 100644 2026-01-16-07-00-13-4.txt
Cleaning up generated files...
Deleted 2026-01-16-07-00-05-1.txt
Deleted 2026-01-16-07-00-08-2.txt
Deleted 2026-01-16-07-00-10-3.txt
Deleted 2026-01-16-07-00-13-4.txt
Daily automation complete.
Running script in directory: /Users/Chris/Projects/theDailyCommit
Generating 3 commits today on branch: main
[main 0fd84e5] Daily commit 1
 1 file changed, 1 insertion(+)
 create mode 100644 2026-01-17-07-00-04-1.txt
[main 7777705] Daily commit 2
 1 file changed, 1 insertion(+)
 create mode 100644 2026-01-17-07-00-07-2.txt
[main 23a71c1] Daily commit 3
 1 file changed, 1 insertion(+)
 create mode 100644 2026-01-17-07-00-10-3.txt
Cleaning up generated files...
Deleted 2026-01-17-07-00-04-1.txt
Deleted 2026-01-17-07-00-07-2.txt
Deleted 2026-01-17-07-00-10-3.txt
Daily automation complete.
Running script in directory: /Users/Chris/Projects/theDailyCommit
Generating 4 commits today on branch: main
[main 8fdec33] Daily commit 1
 1 file changed, 1 insertion(+)
 create mode 100644 2026-01-18-07-00-04-1.txt
[main a3db7a6] Daily commit 2
 1 file changed, 1 insertion(+)
 create mode 100644 2026-01-18-07-00-07-2.txt
[main 4896540] Daily commit 3
 1 file changed, 1 insertion(+)
 create mode 100644 2026-01-18-07-00-10-3.txt
[main 89b37c3] Daily commit 4
 1 file changed, 1 insertion(+)
 create mode 100644 2026-01-18-07-00-13-4.txt
Cleaning up generated files...
Deleted 2026-01-18-07-00-04-1.txt
Deleted 2026-01-18-07-00-07-2.txt
Deleted 2026-01-18-07-00-10-3.txt
Deleted 2026-01-18-07-00-13-4.txt
Daily automation complete.
Running script in directory: /Users/Chris/Projects/theDailyCommit
Generating 4 commits today on branch: main
[main 6726e32] Daily commit 1
 1 file changed, 1 insertion(+)
 create mode 100644 2026-01-19-07-00-05-1.txt
[main 68d1ff8] Daily commit 2
 1 file changed, 1 insertion(+)
 create mode 100644 2026-01-19-07-00-07-2.txt
[main df8b4af] Daily commit 3
 1 file changed, 1 insertion(+)
 create mode 100644 2026-01-19-07-00-11-3.txt
[main 053740a] Daily commit 4
 1 file changed, 1 insertion(+)
 create mode 100644 2026-01-19-07-00-14-4.txt
Cleaning up generated files...
Deleted 2026-01-19-07-00-05-1.txt
Deleted 2026-01-19-07-00-07-2.txt
Deleted 2026-01-19-07-00-11-3.txt
Deleted 2026-01-19-07-00-14-4.txt
Daily automation complete.
Running script in directory: /Users/Chris/Projects/theDailyCommit
Generating 4 commits today on branch: main
[main 4c6c357] Daily commit 1
 1 file changed, 1 insertion(+)
 create mode 100644 2026-01-20-07-00-05-1.txt
[main 9d4a6ee] Daily commit 2
 1 file changed, 1 insertion(+)
 create mode 100644 2026-01-20-07-00-08-2.txt
[main 9699db0] Daily commit 3
 1 file changed, 1 insertion(+)
 create mode 100644 2026-01-20-07-00-11-3.txt
[main 3db2747] Daily commit 4
 1 file changed, 1 insertion(+)
 create mode 100644 2026-01-20-07-00-13-4.txt
Cleaning up generated files...
Deleted 2026-01-20-07-00-05-1.txt
Deleted 2026-01-20-07-00-08-2.txt
Deleted 2026-01-20-07-00-11-3.txt
Deleted 2026-01-20-07-00-13-4.txt
Daily automation complete.
Running script in directory: /Users/Chris/Projects/theDailyCommit
Generating 6 commits today on branch: main
[main fed9754] Daily commit 1
 1 file changed, 1 insertion(+)
 create mode 100644 2026-01-21-07-00-04-1.txt
[main 673f2b4] Daily commit 2
 1 file changed, 1 insertion(+)
 create mode 100644 2026-01-21-07-00-07-2.txt
[main b30b184] Daily commit 3
 1 file changed, 1 insertion(+)
 create mode 100644 2026-01-21-07-00-10-3.txt
[main 19cf85a] Daily commit 4
 1 file changed, 1 insertion(+)
 create mode 100644 2026-01-21-07-00-13-4.txt
[main 8585376] Daily commit 5
 1 file changed, 1 insertion(+)
 create mode 100644 2026-01-21-07-00-16-5.txt
[main 1278f58] Daily commit 6
 1 file changed, 1 insertion(+)
 create mode 100644 2026-01-21-07-00-18-6.txt
Cleaning up generated files...
Deleted 2026-01-21-07-00-04-1.txt
Deleted 2026-01-21-07-00-07-2.txt
Deleted 2026-01-21-07-00-10-3.txt
Deleted 2026-01-21-07-00-13-4.txt
Deleted 2026-01-21-07-00-16-5.txt
Deleted 2026-01-21-07-00-18-6.txt
Daily automation complete.
Running script in directory: /Users/Chris/Projects/theDailyCommit
Generating 3 commits today on branch: main
[main c5b0437] Daily commit 1
 1 file changed, 1 insertion(+)
 create mode 100644 2026-01-22-07-00-04-1.txt
[main 3442d4b] Daily commit 2
 1 file changed, 1 insertion(+)
 create mode 100644 2026-01-22-07-00-07-2.txt
[main a877a72] Daily commit 3
 1 file changed, 1 insertion(+)
 create mode 100644 2026-01-22-07-00-10-3.txt
Cleaning up generated files...
Deleted 2026-01-22-07-00-04-1.txt
Deleted 2026-01-22-07-00-07-2.txt
Deleted 2026-01-22-07-00-10-3.txt
Daily automation complete.
Running script in directory: /Users/Chris/Projects/theDailyCommit
Generating 4 commits today on branch: main
[main ad74756] Daily commit 1
 1 file changed, 1 insertion(+)
 create mode 100644 2026-01-23-07-00-05-1.txt
[main 2232a8d] Daily commit 2
 1 file changed, 1 insertion(+)
 create mode 100644 2026-01-23-07-00-08-2.txt
[main 28300a6] Daily commit 3
 1 file changed, 1 insertion(+)
 create mode 100644 2026-01-23-07-00-11-3.txt
[main 426627a] Daily commit 4
 1 file changed, 1 insertion(+)
 create mode 100644 2026-01-23-07-00-14-4.txt
Cleaning up generated files...
Deleted 2026-01-23-07-00-05-1.txt
Deleted 2026-01-23-07-00-08-2.txt
Deleted 2026-01-23-07-00-11-3.txt
Deleted 2026-01-23-07-00-14-4.txt
Daily automation complete.
Running script in directory: /Users/Chris/Projects/theDailyCommit
Generating 2 commits today on branch: main
[main 3ea9da1] Daily commit 1
 1 file changed, 1 insertion(+)
 create mode 100644 2026-01-24-07-00-05-1.txt
[main 0c01245] Daily commit 2
 1 file changed, 1 insertion(+)
 create mode 100644 2026-01-24-07-00-08-2.txt
Cleaning up generated files...
Deleted 2026-01-24-07-00-05-1.txt
Deleted 2026-01-24-07-00-08-2.txt
Daily automation complete.
Running script in directory: /Users/Chris/Projects/theDailyCommit
Generating 4 commits today on branch: main
[main f6a1262] Daily commit 1
 1 file changed, 1 insertion(+)
 create mode 100644 2026-01-25-07-00-05-1.txt
[main 285326b] Daily commit 2
 1 file changed, 1 insertion(+)
 create mode 100644 2026-01-25-07-00-08-2.txt
[main cdf1287] Daily commit 3
 1 file changed, 1 insertion(+)
 create mode 100644 2026-01-25-07-00-11-3.txt
[main 9df3c64] Daily commit 4
 1 file changed, 1 insertion(+)
 create mode 100644 2026-01-25-07-00-14-4.txt
Cleaning up generated files...
Deleted 2026-01-25-07-00-05-1.txt
Deleted 2026-01-25-07-00-08-2.txt
Deleted 2026-01-25-07-00-11-3.txt
Deleted 2026-01-25-07-00-14-4.txt
Daily automation complete.
Running script in directory: /Users/Chris/Projects/theDailyCommit
Generating 4 commits today on branch: main
[main 9ea0bf7] Daily commit 1
 1 file changed, 1 insertion(+)
 create mode 100644 2026-01-26-07-00-05-1.txt
[main e6c98ca] Daily commit 2
 1 file changed, 1 insertion(+)
 create mode 100644 2026-01-26-07-00-08-2.txt
[main 72dca28] Daily commit 3
 1 file changed, 1 insertion(+)
 create mode 100644 2026-01-26-07-00-11-3.txt
[main 9f3e478] Daily commit 4
 1 file changed, 1 insertion(+)
 create mode 100644 2026-01-26-07-00-14-4.txt
Cleaning up generated files...
Deleted 2026-01-26-07-00-05-1.txt
Deleted 2026-01-26-07-00-08-2.txt
Deleted 2026-01-26-07-00-11-3.txt
Deleted 2026-01-26-07-00-14-4.txt
Daily automation complete.
Running script in directory: /Users/Chris/Projects/theDailyCommit
Generating 3 commits today on branch: main
[main 2fd7dd4] Daily commit 1
 1 file changed, 1 insertion(+)
 create mode 100644 2026-01-27-07-00-05-1.txt
[main 68a5600] Daily commit 2
 1 file changed, 1 insertion(+)
 create mode 100644 2026-01-27-07-00-08-2.txt
[main 4cc932b] Daily commit 3
 1 file changed, 1 insertion(+)
 create mode 100644 2026-01-27-07-00-11-3.txt
Cleaning up generated files...
Deleted 2026-01-27-07-00-05-1.txt
Deleted 2026-01-27-07-00-08-2.txt
Deleted 2026-01-27-07-00-11-3.txt
Daily automation complete.
Running script in directory: /Users/Chris/Projects/theDailyCommit
Generating 3 commits today on branch: main
[main 2bd606d] Daily commit 1
 1 file changed, 1 insertion(+)
 create mode 100644 2026-01-28-07-00-05-1.txt
[main a59b623] Daily commit 2
 1 file changed, 1 insertion(+)
 create mode 100644 2026-01-28-07-00-08-2.txt
[main 1fb979e] Daily commit 3
 1 file changed, 1 insertion(+)
 create mode 100644 2026-01-28-07-00-12-3.txt
Cleaning up generated files...
Deleted 2026-01-28-07-00-05-1.txt
Deleted 2026-01-28-07-00-08-2.txt
Deleted 2026-01-28-07-00-12-3.txt
Daily automation complete.
Running script in directory: /Users/Chris/Projects/theDailyCommit
Generating 4 commits today on branch: main
[main ba140e7] Daily commit 1
 1 file changed, 1 insertion(+)
 create mode 100644 2026-01-29-07-00-05-1.txt
[main 7ede804] Daily commit 2
 1 file changed, 1 insertion(+)
 create mode 100644 2026-01-29-07-00-09-2.txt
[main 888e96e] Daily commit 3
 1 file changed, 1 insertion(+)
 create mode 100644 2026-01-29-07-00-11-3.txt
[main 7afe108] Daily commit 4
 1 file changed, 1 insertion(+)
 create mode 100644 2026-01-29-07-00-14-4.txt
Cleaning up generated files...
Deleted 2026-01-29-07-00-05-1.txt
Deleted 2026-01-29-07-00-09-2.txt
Deleted 2026-01-29-07-00-11-3.txt
Deleted 2026-01-29-07-00-14-4.txt
Daily automation complete.
Running script in directory: /Users/Chris/Projects/theDailyCommit
Generating 3 commits today on branch: main
[main 6fae4a1] Daily commit 1
 1 file changed, 1 insertion(+)
 create mode 100644 2026-01-30-07-00-05-1.txt
[main a722ce2] Daily commit 2
 1 file changed, 1 insertion(+)
 create mode 100644 2026-01-30-07-00-08-2.txt
[main 8e810f4] Daily commit 3
 1 file changed, 1 insertion(+)
 create mode 100644 2026-01-30-07-00-10-3.txt
Cleaning up generated files...
Deleted 2026-01-30-07-00-05-1.txt
Deleted 2026-01-30-07-00-08-2.txt
Deleted 2026-01-30-07-00-10-3.txt
Daily automation complete.
Running script in directory: /Users/Chris/Projects/theDailyCommit
Generating 3 commits today on branch: main
[main 2b541b6] Daily commit 1
 1 file changed, 1 insertion(+)
 create mode 100644 2026-01-31-07-00-04-1.txt
[main 97995a8] Daily commit 2
 1 file changed, 1 insertion(+)
 create mode 100644 2026-01-31-07-00-08-2.txt
[main cb05999] Daily commit 3
 1 file changed, 1 insertion(+)
 create mode 100644 2026-01-31-07-00-10-3.txt
Cleaning up generated files...
Deleted 2026-01-31-07-00-04-1.txt
Deleted 2026-01-31-07-00-08-2.txt
Deleted 2026-01-31-07-00-10-3.txt
Daily automation complete.
Running script in directory: /Users/Chris/Projects/theDailyCommit
Generating 4 commits today on branch: main
[main 237aa5a] Daily commit 1
 1 file changed, 1 insertion(+)
 create mode 100644 2026-02-01-07-00-05-1.txt
[main f707269] Daily commit 2
 1 file changed, 1 insertion(+)
 create mode 100644 2026-02-01-07-00-08-2.txt
[main b6e4303] Daily commit 3
 1 file changed, 1 insertion(+)
 create mode 100644 2026-02-01-07-00-11-3.txt
[main 8f215d8] Daily commit 4
 1 file changed, 1 insertion(+)
 create mode 100644 2026-02-01-07-00-13-4.txt
Cleaning up generated files...
Deleted 2026-02-01-07-00-05-1.txt
Deleted 2026-02-01-07-00-08-2.txt
Deleted 2026-02-01-07-00-11-3.txt
Deleted 2026-02-01-07-00-13-4.txt
Daily automation complete.
Running script in directory: /Users/Chris/Projects/theDailyCommit
Generating 1 commits today on branch: main
[main 2f65ee6] Daily commit 1
 1 file changed, 1 insertion(+)
 create mode 100644 2026-02-02-07-00-05-1.txt
Cleaning up generated files...
Deleted 2026-02-02-07-00-05-1.txt
Daily automation complete.
Running script in directory: /Users/Chris/Projects/theDailyCommit
Generating 4 commits today on branch: main
[main 9f3e65d] Daily commit 1
 1 file changed, 1 insertion(+)
 create mode 100644 2026-02-03-07-00-05-1.txt
[main c5faf3a] Daily commit 2
 1 file changed, 1 insertion(+)
 create mode 100644 2026-02-03-07-00-09-2.txt
[main a1d1645] Daily commit 3
 1 file changed, 1 insertion(+)
 create mode 100644 2026-02-03-07-00-13-3.txt
[main aea6ab9] Daily commit 4
 1 file changed, 1 insertion(+)
 create mode 100644 2026-02-03-07-00-17-4.txt
Cleaning up generated files...
Deleted 2026-02-03-07-00-05-1.txt
Deleted 2026-02-03-07-00-09-2.txt
Deleted 2026-02-03-07-00-13-3.txt
Deleted 2026-02-03-07-00-17-4.txt
Daily automation complete.
Running script in directory: /Users/Chris/Projects/theDailyCommit
Generating 2 commits today on branch: main
[main 42d47d4] Daily commit 1
 1 file changed, 1 insertion(+)
 create mode 100644 2026-02-04-07-00-04-1.txt
[main e83dc85] Daily commit 2
 1 file changed, 1 insertion(+)
 create mode 100644 2026-02-04-07-00-07-2.txt
Cleaning up generated files...
Deleted 2026-02-04-07-00-04-1.txt
Deleted 2026-02-04-07-00-07-2.txt
Daily automation complete.
Running script in directory: /Users/Chris/Projects/theDailyCommit
Generating 2 commits today on branch: main
[main cdb341a] Daily commit 1
 1 file changed, 1 insertion(+)
 create mode 100644 2026-02-05-07-00-05-1.txt
[main 5ec96bc] Daily commit 2
 1 file changed, 1 insertion(+)
 create mode 100644 2026-02-05-07-00-08-2.txt
Cleaning up generated files...
Deleted 2026-02-05-07-00-05-1.txt
Deleted 2026-02-05-07-00-08-2.txt
Daily automation complete.
Running script in directory: /Users/Chris/Projects/theDailyCommit
Generating 5 commits today on branch: main
[main 2663895] Daily commit 1
 1 file changed, 1 insertion(+)
 create mode 100644 2026-02-06-07-00-05-1.txt
[main 616b16e] Daily commit 2
 1 file changed, 1 insertion(+)
 create mode 100644 2026-02-06-07-00-08-2.txt
[main 7363089] Daily commit 3
 1 file changed, 1 insertion(+)
 create mode 100644 2026-02-06-07-00-10-3.txt
[main 53c41ce] Daily commit 4
 1 file changed, 1 insertion(+)
 create mode 100644 2026-02-06-07-00-13-4.txt
[main 5c24419] Daily commit 5
 1 file changed, 1 insertion(+)
 create mode 100644 2026-02-06-07-00-16-5.txt
Cleaning up generated files...
Deleted 2026-02-06-07-00-05-1.txt
Deleted 2026-02-06-07-00-08-2.txt
Deleted 2026-02-06-07-00-10-3.txt
Deleted 2026-02-06-07-00-13-4.txt
Deleted 2026-02-06-07-00-16-5.txt
Daily automation complete.
Running script in directory: /Users/Chris/Projects/theDailyCommit
Generating 14 commits today on branch: main
[main dea190c] Daily commit 1
 1 file changed, 1 insertion(+)
 create mode 100644 2026-02-07-07-00-05-1.txt
[main 1590740] Daily commit 2
 1 file changed, 1 insertion(+)
 create mode 100644 2026-02-07-07-00-07-2.txt
[main ce47be4] Daily commit 3
 1 file changed, 1 insertion(+)
 create mode 100644 2026-02-07-07-00-10-3.txt
[main 95f2a5e] Daily commit 4
 1 file changed, 1 insertion(+)
 create mode 100644 2026-02-07-07-00-12-4.txt
[main 537fd03] Daily commit 5
 1 file changed, 1 insertion(+)
 create mode 100644 2026-02-07-07-00-15-5.txt
[main f97fb85] Daily commit 6
 1 file changed, 1 insertion(+)
 create mode 100644 2026-02-07-07-00-17-6.txt
[main 8d3e743] Daily commit 7
 1 file changed, 1 insertion(+)
 create mode 100644 2026-02-07-07-00-19-7.txt
[main d1e9b08] Daily commit 8
 1 file changed, 1 insertion(+)
 create mode 100644 2026-02-07-07-00-22-8.txt
[main e43e4ce] Daily commit 9
 1 file changed, 1 insertion(+)
 create mode 100644 2026-02-07-07-00-24-9.txt
[main 27c5139] Daily commit 10
 1 file changed, 1 insertion(+)
 create mode 100644 2026-02-07-07-00-27-10.txt
[main ae7f483] Daily commit 11
 1 file changed, 1 insertion(+)
 create mode 100644 2026-02-07-07-00-29-11.txt
[main a92820f] Daily commit 12
 1 file changed, 1 insertion(+)
 create mode 100644 2026-02-07-07-00-32-12.txt
[main 89c4177] Daily commit 13
 1 file changed, 1 insertion(+)
 create mode 100644 2026-02-07-07-00-34-13.txt
[main fd83d39] Daily commit 14
 1 file changed, 1 insertion(+)
 create mode 100644 2026-02-07-07-00-37-14.txt
Cleaning up generated files...
Deleted 2026-02-07-07-00-05-1.txt
Deleted 2026-02-07-07-00-07-2.txt
Deleted 2026-02-07-07-00-10-3.txt
Deleted 2026-02-07-07-00-12-4.txt
Deleted 2026-02-07-07-00-15-5.txt
Deleted 2026-02-07-07-00-17-6.txt
Deleted 2026-02-07-07-00-19-7.txt
Deleted 2026-02-07-07-00-22-8.txt
Deleted 2026-02-07-07-00-24-9.txt
Deleted 2026-02-07-07-00-27-10.txt
Deleted 2026-02-07-07-00-29-11.txt
Deleted 2026-02-07-07-00-32-12.txt
Deleted 2026-02-07-07-00-34-13.txt
Deleted 2026-02-07-07-00-37-14.txt
Daily automation complete.
Running script in directory: /Users/Chris/Projects/theDailyCommit
Generating 1 commits today on branch: main
[main 5f22c8c] Daily commit 1
 1 file changed, 1 insertion(+)
 create mode 100644 2026-02-08-07-00-05-1.txt
Cleaning up generated files...
Deleted 2026-02-08-07-00-05-1.txt
Daily automation complete.
Running script in directory: /Users/Chris/Projects/theDailyCommit
Generating 1 commits today on branch: main
[main a58bdf2] Daily commit 1
 1 file changed, 1 insertion(+)
 create mode 100644 2026-02-09-07-00-04-1.txt
Cleaning up generated files...
Deleted 2026-02-09-07-00-04-1.txt
Daily automation complete.
Running script in directory: /Users/Chris/Projects/theDailyCommit
Generating 7 commits today on branch: main
[main f81b33f] Daily commit 1
 1 file changed, 1 insertion(+)
 create mode 100644 2026-02-10-07-00-06-1.txt
[main 6020683] Daily commit 2
 1 file changed, 1 insertion(+)
 create mode 100644 2026-02-10-07-00-09-2.txt
[main 45a58ea] Daily commit 3
 1 file changed, 1 insertion(+)
 create mode 100644 2026-02-10-07-00-12-3.txt
[main 8893175] Daily commit 4
 1 file changed, 1 insertion(+)
 create mode 100644 2026-02-10-07-00-14-4.txt
[main 53ae39c] Daily commit 5
 1 file changed, 1 insertion(+)
 create mode 100644 2026-02-10-07-00-17-5.txt
[main 77bfd13] Daily commit 6
 1 file changed, 1 insertion(+)
 create mode 100644 2026-02-10-07-00-20-6.txt
[main 10c2884] Daily commit 7
 1 file changed, 1 insertion(+)
 create mode 100644 2026-02-10-07-00-23-7.txt
Cleaning up generated files...
Deleted 2026-02-10-07-00-06-1.txt
Deleted 2026-02-10-07-00-09-2.txt
Deleted 2026-02-10-07-00-12-3.txt
Deleted 2026-02-10-07-00-14-4.txt
Deleted 2026-02-10-07-00-17-5.txt
Deleted 2026-02-10-07-00-20-6.txt
Deleted 2026-02-10-07-00-23-7.txt
Daily automation complete.
Running script in directory: /Users/Chris/Projects/theDailyCommit
Generating 3 commits today on branch: main
[main 4e6401d] Daily commit 1
 1 file changed, 1 insertion(+)
 create mode 100644 2026-02-11-07-00-05-1.txt
[main a4887cf] Daily commit 2
 1 file changed, 1 insertion(+)
 create mode 100644 2026-02-11-07-00-08-2.txt
[main 32f6c29] Daily commit 3
 1 file changed, 1 insertion(+)
 create mode 100644 2026-02-11-07-00-11-3.txt
Cleaning up generated files...
Deleted 2026-02-11-07-00-05-1.txt
Deleted 2026-02-11-07-00-08-2.txt
Deleted 2026-02-11-07-00-11-3.txt
Daily automation complete.
Running script in directory: /Users/Chris/Projects/theDailyCommit
Generating 3 commits today on branch: main
[main 246e6d7] Daily commit 1
 1 file changed, 1 insertion(+)
 create mode 100644 2026-02-12-07-00-04-1.txt
[main 0ad7e65] Daily commit 2
 1 file changed, 1 insertion(+)
 create mode 100644 2026-02-12-07-00-08-2.txt
[main 13d978e] Daily commit 3
 1 file changed, 1 insertion(+)
 create mode 100644 2026-02-12-07-00-10-3.txt
Cleaning up generated files...
Deleted 2026-02-12-07-00-04-1.txt
Deleted 2026-02-12-07-00-08-2.txt
Deleted 2026-02-12-07-00-10-3.txt
Daily automation complete.
Running script in directory: /Users/Chris/Projects/theDailyCommit
Generating 4 commits today on branch: main
[main d08e9da] Daily commit 1
 1 file changed, 1 insertion(+)
 create mode 100644 2026-02-13-07-00-07-1.txt
[main 11c7640] Daily commit 2
 1 file changed, 1 insertion(+)
 create mode 100644 2026-02-13-07-00-10-2.txt
[main 29397b1] Daily commit 3
 1 file changed, 1 insertion(+)
 create mode 100644 2026-02-13-07-00-13-3.txt
[main e9ee595] Daily commit 4
 1 file changed, 1 insertion(+)
 create mode 100644 2026-02-13-07-00-16-4.txt
Cleaning up generated files...
Deleted 2026-02-13-07-00-07-1.txt
Deleted 2026-02-13-07-00-10-2.txt
Deleted 2026-02-13-07-00-13-3.txt
Deleted 2026-02-13-07-00-16-4.txt
Daily automation complete.
Running script in directory: /Users/Chris/Projects/theDailyCommit
Generating 1 commits today on branch: main
[main 0aa7089] Daily commit 1
 1 file changed, 1 insertion(+)
 create mode 100644 2026-02-14-07-00-03-1.txt
Cleaning up generated files...
Deleted 2026-02-14-07-00-03-1.txt
Daily automation complete.
Running script in directory: /Users/Chris/Projects/theDailyCommit
Generating 4 commits today on branch: main
[main f80968d] Daily commit 1
 1 file changed, 1 insertion(+)
 create mode 100644 2026-02-15-07-00-03-1.txt
[main b50f982] Daily commit 2
 1 file changed, 1 insertion(+)
 create mode 100644 2026-02-15-07-00-08-2.txt
[main 7045d70] Daily commit 3
 1 file changed, 1 insertion(+)
 create mode 100644 2026-02-15-07-00-10-3.txt
[main adea0f3] Daily commit 4
 1 file changed, 1 insertion(+)
 create mode 100644 2026-02-15-07-00-13-4.txt
Cleaning up generated files...
Deleted 2026-02-15-07-00-03-1.txt
Deleted 2026-02-15-07-00-08-2.txt
Deleted 2026-02-15-07-00-10-3.txt
Deleted 2026-02-15-07-00-13-4.txt
Daily automation complete.
Running script in directory: /Users/Chris/Projects/theDailyCommit
Generating 2 commits today on branch: main
[main cbe9a70] Daily commit 1
 1 file changed, 1 insertion(+)
 create mode 100644 2026-02-16-07-00-05-1.txt
[main 6a32af7] Daily commit 2
 1 file changed, 1 insertion(+)
 create mode 100644 2026-02-16-07-00-08-2.txt
Cleaning up generated files...
Deleted 2026-02-16-07-00-05-1.txt
Deleted 2026-02-16-07-00-08-2.txt
Daily automation complete.
Running script in directory: /Users/Chris/Projects/theDailyCommit
Generating 6 commits today on branch: main
[main d84ce94] Daily commit 1
 1 file changed, 1 insertion(+)
 create mode 100644 2026-02-17-07-00-04-1.txt
[main 18d069e] Daily commit 2
 1 file changed, 1 insertion(+)
 create mode 100644 2026-02-17-07-00-07-2.txt
[main ad92769] Daily commit 3
 1 file changed, 1 insertion(+)
 create mode 100644 2026-02-17-07-00-10-3.txt
[main dcb7db8] Daily commit 4
 1 file changed, 1 insertion(+)
 create mode 100644 2026-02-17-07-00-12-4.txt
[main c6f7e73] Daily commit 5
 1 file changed, 1 insertion(+)
 create mode 100644 2026-02-17-07-00-15-5.txt
[main b550f4d] Daily commit 6
 1 file changed, 1 insertion(+)
 create mode 100644 2026-02-17-07-00-18-6.txt
Cleaning up generated files...
Deleted 2026-02-17-07-00-04-1.txt
Deleted 2026-02-17-07-00-07-2.txt
Deleted 2026-02-17-07-00-10-3.txt
Deleted 2026-02-17-07-00-12-4.txt
Deleted 2026-02-17-07-00-15-5.txt
Deleted 2026-02-17-07-00-18-6.txt
Daily automation complete.
Running script in directory: /Users/Chris/Projects/theDailyCommit
Generating 3 commits today on branch: main
[main 797dada] Daily commit 1
 1 file changed, 1 insertion(+)
 create mode 100644 2026-02-18-07-00-05-1.txt
[main fd7964c] Daily commit 2
 1 file changed, 1 insertion(+)
 create mode 100644 2026-02-18-07-00-08-2.txt
[main 62e3d3e] Daily commit 3
 1 file changed, 1 insertion(+)
 create mode 100644 2026-02-18-07-00-10-3.txt
Cleaning up generated files...
Deleted 2026-02-18-07-00-05-1.txt
Deleted 2026-02-18-07-00-08-2.txt
Deleted 2026-02-18-07-00-10-3.txt
Daily automation complete.
Running script in directory: /Users/Chris/Projects/theDailyCommit
Generating 4 commits today on branch: main
[main 8417dfa] Daily commit 1
 1 file changed, 1 insertion(+)
 create mode 100644 2026-02-19-07-00-04-1.txt
[main 7ba772e] Daily commit 2
 1 file changed, 1 insertion(+)
 create mode 100644 2026-02-19-07-00-08-2.txt
[main 17fa12c] Daily commit 3
 1 file changed, 1 insertion(+)
 create mode 100644 2026-02-19-07-00-10-3.txt
[main 1f0a387] Daily commit 4
 1 file changed, 1 insertion(+)
 create mode 100644 2026-02-19-07-00-13-4.txt
Cleaning up generated files...
Deleted 2026-02-19-07-00-04-1.txt
Deleted 2026-02-19-07-00-08-2.txt
Deleted 2026-02-19-07-00-10-3.txt
Deleted 2026-02-19-07-00-13-4.txt
Daily automation complete.
Running script in directory: /Users/Chris/Projects/theDailyCommit
Generating 4 commits today on branch: main
[main bcaa8a1] Daily commit 1
 1 file changed, 1 insertion(+)
 create mode 100644 2026-02-20-07-00-05-1.txt
[main a3dc996] Daily commit 2
 1 file changed, 1 insertion(+)
 create mode 100644 2026-02-20-07-00-08-2.txt
[main 0999c65] Daily commit 3
 1 file changed, 1 insertion(+)
 create mode 100644 2026-02-20-07-00-10-3.txt
[main a2b0848] Daily commit 4
 1 file changed, 1 insertion(+)
 create mode 100644 2026-02-20-07-00-13-4.txt
Cleaning up generated files...
Deleted 2026-02-20-07-00-05-1.txt
Deleted 2026-02-20-07-00-08-2.txt
Deleted 2026-02-20-07-00-10-3.txt
Deleted 2026-02-20-07-00-13-4.txt
Daily automation complete.
Running script in directory: /Users/Chris/Projects/theDailyCommit
Generating 4 commits today on branch: main
[main c3fddbe] Daily commit 1
 1 file changed, 1 insertion(+)
 create mode 100644 2026-02-21-07-00-05-1.txt
[main 6d4041f] Daily commit 2
 1 file changed, 1 insertion(+)
 create mode 100644 2026-02-21-07-00-08-2.txt
[main 3747140] Daily commit 3
 1 file changed, 1 insertion(+)
 create mode 100644 2026-02-21-07-00-10-3.txt
[main 4352492] Daily commit 4
 1 file changed, 1 insertion(+)
 create mode 100644 2026-02-21-07-00-13-4.txt
Cleaning up generated files...
Deleted 2026-02-21-07-00-05-1.txt
Deleted 2026-02-21-07-00-08-2.txt
Deleted 2026-02-21-07-00-10-3.txt
Deleted 2026-02-21-07-00-13-4.txt
Daily automation complete.
Running script in directory: /Users/Chris/Projects/theDailyCommit
Generating 3 commits today on branch: main
[main ffe6e65] Daily commit 1
 1 file changed, 1 insertion(+)
 create mode 100644 2026-02-22-07-00-04-1.txt
[main 07aea7e] Daily commit 2
 1 file changed, 1 insertion(+)
 create mode 100644 2026-02-22-07-00-08-2.txt
[main 64c8647] Daily commit 3
 1 file changed, 1 insertion(+)
 create mode 100644 2026-02-22-07-00-11-3.txt
Cleaning up generated files...
Deleted 2026-02-22-07-00-04-1.txt
Deleted 2026-02-22-07-00-08-2.txt
Deleted 2026-02-22-07-00-11-3.txt
Daily automation complete.
Running script in directory: /Users/Chris/Projects/theDailyCommit
Generating 3 commits today on branch: main
[main 8cfcef0] Daily commit 1
 1 file changed, 1 insertion(+)
 create mode 100644 2026-02-23-07-00-04-1.txt
[main 8b77d23] Daily commit 2
 1 file changed, 1 insertion(+)
 create mode 100644 2026-02-23-07-00-07-2.txt
[main fee87c4] Daily commit 3
 1 file changed, 1 insertion(+)
 create mode 100644 2026-02-23-07-00-10-3.txt
Cleaning up generated files...
Deleted 2026-02-23-07-00-04-1.txt
Deleted 2026-02-23-07-00-07-2.txt
Deleted 2026-02-23-07-00-10-3.txt
Daily automation complete.
Running script in directory: /Users/Chris/Projects/theDailyCommit
Generating 4 commits today on branch: main
[main bdfc3bb] Daily commit 1
 1 file changed, 1 insertion(+)
 create mode 100644 2026-02-24-07-00-05-1.txt
[main 0ee0428] Daily commit 2
 1 file changed, 1 insertion(+)
 create mode 100644 2026-02-24-07-00-10-2.txt
[main ce40857] Daily commit 3
 1 file changed, 1 insertion(+)
 create mode 100644 2026-02-24-07-00-12-3.txt
[main dbbb1f8] Daily commit 4
 1 file changed, 1 insertion(+)
 create mode 100644 2026-02-24-07-00-15-4.txt
Cleaning up generated files...
Deleted 2026-02-24-07-00-05-1.txt
Deleted 2026-02-24-07-00-10-2.txt
Deleted 2026-02-24-07-00-12-3.txt
Deleted 2026-02-24-07-00-15-4.txt
Daily automation complete.
Running script in directory: /Users/Chris/Projects/theDailyCommit
Generating 4 commits today on branch: main
[main 23ea631] Daily commit 1
 1 file changed, 1 insertion(+)
 create mode 100644 2026-02-25-07-00-05-1.txt
[main 0a05747] Daily commit 2
 1 file changed, 1 insertion(+)
 create mode 100644 2026-02-25-07-00-08-2.txt
[main 9926334] Daily commit 3
 1 file changed, 1 insertion(+)
 create mode 100644 2026-02-25-07-00-11-3.txt
[main 28823b9] Daily commit 4
 1 file changed, 1 insertion(+)
 create mode 100644 2026-02-25-07-00-14-4.txt
Cleaning up generated files...
Deleted 2026-02-25-07-00-05-1.txt
Deleted 2026-02-25-07-00-08-2.txt
Deleted 2026-02-25-07-00-11-3.txt
Deleted 2026-02-25-07-00-14-4.txt
Daily automation complete.
Running script in directory: /Users/Chris/Projects/theDailyCommit
Generating 7 commits today on branch: main
[main 1ff3d6a] Daily commit 1
 1 file changed, 1 insertion(+)
 create mode 100644 2026-02-26-07-00-05-1.txt
[main 280d553] Daily commit 2
 1 file changed, 1 insertion(+)
 create mode 100644 2026-02-26-07-00-08-2.txt
[main c1df4ae] Daily commit 3
 1 file changed, 1 insertion(+)
 create mode 100644 2026-02-26-07-00-11-3.txt
[main 02d5418] Daily commit 4
 1 file changed, 1 insertion(+)
 create mode 100644 2026-02-26-07-00-13-4.txt
[main 5a2c628] Daily commit 5
 1 file changed, 1 insertion(+)
 create mode 100644 2026-02-26-07-00-16-5.txt
[main 2b7a98b] Daily commit 6
 1 file changed, 1 insertion(+)
 create mode 100644 2026-02-26-07-00-19-6.txt
[main fae4756] Daily commit 7
 1 file changed, 1 insertion(+)
 create mode 100644 2026-02-26-07-00-21-7.txt
Cleaning up generated files...
Deleted 2026-02-26-07-00-05-1.txt
Deleted 2026-02-26-07-00-08-2.txt
Deleted 2026-02-26-07-00-11-3.txt
Deleted 2026-02-26-07-00-13-4.txt
Deleted 2026-02-26-07-00-16-5.txt
Deleted 2026-02-26-07-00-19-6.txt
Deleted 2026-02-26-07-00-21-7.txt
Daily automation complete.
Running script in directory: /Users/Chris/Projects/theDailyCommit
Generating 3 commits today on branch: main
[main fe7d339] Daily commit 1
 1 file changed, 1 insertion(+)
 create mode 100644 2026-02-27-07-00-05-1.txt
[main 9899893] Daily commit 2
 1 file changed, 1 insertion(+)
 create mode 100644 2026-02-27-07-00-08-2.txt
[main 0d933ad] Daily commit 3
 1 file changed, 1 insertion(+)
 create mode 100644 2026-02-27-07-00-11-3.txt
Cleaning up generated files...
Deleted 2026-02-27-07-00-05-1.txt
Deleted 2026-02-27-07-00-08-2.txt
Deleted 2026-02-27-07-00-11-3.txt
Daily automation complete.
Running script in directory: /Users/Chris/Projects/theDailyCommit
Generating 4 commits today on branch: main
[main f3b02ce] Daily commit 1
 1 file changed, 1 insertion(+)
 create mode 100644 2026-02-28-07-00-08-1.txt
[main 110bf2e] Daily commit 2
 1 file changed, 1 insertion(+)
 create mode 100644 2026-02-28-09-20-14-2.txt
[main 6db4bdb] Daily commit 3
 1 file changed, 1 insertion(+)
 create mode 100644 2026-02-28-11-40-16-3.txt
[main 4bf7761] Daily commit 4
 1 file changed, 1 insertion(+)
 create mode 100644 2026-02-28-14-00-18-4.txt
Cleaning up generated files...
Deleted 2026-02-28-07-00-08-1.txt
Deleted 2026-02-28-09-20-14-2.txt
Deleted 2026-02-28-11-40-16-3.txt
Deleted 2026-02-28-14-00-18-4.txt
